
  ******************************************  
  *           Fortran 77 Code              *  
  *         Spherical H.O. basis            *  
  * Dirac-Hartree-Bogoliubov calculation   *  
  *        with density-dependent          *  
  * meson-exchange or point coupling force *  
  *          and separable pairing         *  
  * -------------------------------------- *  
  *      Niksic, Paar, Vretenar, Ring      *  
  *          28/ 2/2025/13:40:51           *
  *       Kr  78  N =  42  Z =  36
  ******************************************  
  ****** BEGIN READER *******************************
 Number of oscillator shells :    12   20
 Initialization inin,inink   :     1    1
 Nucleus: Kr  78    42  36
 Initial Gap Parameters      :     1.0000    1.0000
 Parameter set               :    DD-ME2    
  ****** END READER *********************************
  ****** BEGIN FORCES *******************************

 NEDF Parameters: DD-ME2    
 AMU   =  939.000
 msig  =  550.124  gsig =    10.5396  Gsig =   -14.2924
 mome  =  783.000  gome =    13.0189  Gome =    10.7647
 mdel  =    0.000  gdel =     0.0000  Gdel =    -0.0000
 mrho  =  763.000  grho =     3.6836  Grho =     0.9076
  
 Density dependence parameters:
           scasca    scavec    vecsca    vecvec
 a    =   1.388148  1.389291  0.000000  0.564700
 b    =   1.094300  0.923975  0.000000  0.000000
 c    =   1.705700  1.462000  0.000000  0.000000
 d    =   0.442067  0.477492  0.000000  0.000000
 dsat =   0.152000
  
 TMR pairing: Tian,Ma,Ring, PRB 676, 44 (2009)
 TMR pairing strength    gl =:  -728.00000 [MeV*fm^3]
 TMR pairing width        a =:     0.64420 [fm]
  ****** END FORCES *********************************
  ****** BEGIN GAUSH *******************************
 ------------------------------------
  xh
  0.11306888315E+00  0.33923661888E+00  0.56549436627E+00
  0.79190247875E+00  0.10185218319E+01  0.12454140399E+01
  0.14726416790E+01  0.17002685219E+01  0.19283597841E+01
  0.21569823862E+01  0.23862052348E+01  0.26160995264E+01
  0.28467390777E+01  0.30782006880E+01  0.33105645385E+01
  0.35439146360E+01  0.37783393088E+01  0.40139317636E+01
  0.42507907159E+01  0.44890211062E+01  0.47287349204E+01
  0.49700521332E+01  0.52131018018E+01  0.54580233401E+01
  0.57049680135E+01  0.59541007064E+01  0.62056020247E+01
  0.64596708196E+01  0.67165272405E+01  0.69764164643E+01
  0.72396132940E+01  0.75064278944E+01  0.77772130311E+01
  0.80523733307E+01  0.83323773072E+01  0.86177732442E+01
  0.89092105815E+01  0.92074693534E+01  0.95135017694E+01
  0.98284927462E+01  0.10153951275E+02  0.10491854539E+02
  0.10844888074E+02  0.11216875194E+02  0.11613620829E+02
  0.12044806741E+02  0.12529230747E+02  0.13116130022E+02
  wh
  0.22614275949E+00  0.22620271555E+00  0.22632283462E+00
  0.22650353269E+00  0.22674543898E+00  0.22704940244E+00
  0.22741650046E+00  0.22784805025E+00  0.22834562291E+00
  0.22891106058E+00  0.22954649715E+00  0.23025438280E+00
  0.23103751315E+00  0.23189906366E+00  0.23284263021E+00
  0.23387227691E+00  0.23499259262E+00  0.23620875770E+00
  0.23752662333E+00  0.23895280592E+00  0.24049480001E+00
  0.24216111400E+00  0.24396143413E+00  0.24590682401E+00
  0.24800996875E+00  0.25028547622E+00  0.25275025169E+00
  0.25542396789E+00  0.25832966075E+00  0.26149449261E+00
  0.26495074152E+00  0.26873710096E+00  0.27290041221E+00
  0.27749801180E+00  0.28260097114E+00  0.28829866153E+00
  0.29470534107E+00  0.30196992200E+00  0.31029092169E+00
  0.31994022201E+00  0.33130255952E+00  0.34494485700E+00
  0.36174657613E+00  0.38316743442E+00  0.41186664785E+00
  0.45340095263E+00  0.52232030388E+00  0.67914392311E+00
  ph
  0.22327002350E+00  0.20161301348E+00  0.16437963060E+00
  0.12098311686E+00  0.80353950081E-01  0.48139906731E-01
  0.26000340271E-01  0.12651375113E-01  0.55416312894E-02
  0.21831319761E-02  0.77269582168E-03  0.24541809273E-03
  0.69854324445E-04  0.17791805918E-04  0.40482331788E-05
  0.82135445478E-06  0.14829694050E-06  0.23773662148E-07
  0.33755847311E-08  0.42335937835E-09  0.46760103860E-10
  0.45333033746E-11  0.38436817249E-12  0.28387673952E-13
  0.18181691305E-14  0.10049051492E-15  0.47668311712E-17
  0.19288793268E-18  0.66129511765E-20  0.19062601887E-21
  0.45806010985E-23  0.90859656470E-25  0.14712415550E-26
  0.19199707068E-28  0.19895468943E-30  0.16088732079E-32
  0.99468000592E-35  0.45874016659E-37  0.15317989647E-39
  0.35689385618E-42  0.55370648198E-45  0.53832225070E-48
  0.30222939315E-51  0.87337328359E-55  0.10933824738E-58
  0.44687024217E-63  0.34808413877E-68  0.13153371477E-74
  ****** END GAUSH *********************************
  ****** BEGIN PREP *********************************
  
 hom =                            9.595899
 hb0 =                           20.734000
 b0  =                            2.078805
 with Coulomb force
 With microscopic c.m. correction
  ****** END PREP ***********************************
  ****** BEGIN START ********************************
 v0     =   -71.2800
 kappa  =     0.4616
 lambda =    11.1175    8.9698
 r0     =     1.2334    1.2496
 a      =     0.6150    0.6124
 r0-so  =     1.1443    1.1401
 a-so   =     0.6476    0.6469

 Initial potentials of Saxon-Woods shape 
  ****** END START **********************************
  ****** BEGIN BASE *********************************
  1  0  1s  1/2   1
  2  2  2s  1/2   1
  3  4  3s  1/2   1
  4  6  4s  1/2   1
  5  8  5s  1/2   1
  6 10  6s  1/2   1
  7 12  7s  1/2   1
  8  1  1p  1/2   2
  9  3  2p  1/2   2
 10  5  3p  1/2   2
 11  7  4p  1/2   2
 12  9  5p  1/2   2
 13 11  6p  1/2   2
 14 13  7p  1/2   2
 15  1  1p  1/2   1
 16  3  2p  1/2   1
 17  5  3p  1/2   1
 18  7  4p  1/2   1
 19  9  5p  1/2   1
 20 11  6p  1/2   1
 21  0  1s  1/2   2
 22  2  2s  1/2   2
 23  4  3s  1/2   2
 24  6  4s  1/2   2
 25  8  5s  1/2   2
 26 10  6s  1/2   2
 27 12  7s  1/2   2
 28  2  1d  3/2   1
 29  4  2d  3/2   1
 30  6  3d  3/2   1
 31  8  4d  3/2   1
 32 10  5d  3/2   1
 33 12  6d  3/2   1
 34  1  1p  3/2   2
 35  3  2p  3/2   2
 36  5  3p  3/2   2
 37  7  4p  3/2   2
 38  9  5p  3/2   2
 39 11  6p  3/2   2
 40 13  7p  3/2   2
 41  1  1p  3/2   1
 42  3  2p  3/2   1
 43  5  3p  3/2   1
 44  7  4p  3/2   1
 45  9  5p  3/2   1
 46 11  6p  3/2   1
 47  2  1d  3/2   2
 48  4  2d  3/2   2
 49  6  3d  3/2   2
 50  8  4d  3/2   2
 51 10  5d  3/2   2
 52 12  6d  3/2   2
 53  2  1d  5/2   1
 54  4  2d  5/2   1
 55  6  3d  5/2   1
 56  8  4d  5/2   1
 57 10  5d  5/2   1
 58 12  6d  5/2   1
 59  3  1f  5/2   2
 60  5  2f  5/2   2
 61  7  3f  5/2   2
 62  9  4f  5/2   2
 63 11  5f  5/2   2
 64 13  6f  5/2   2
 65  3  1f  5/2   1
 66  5  2f  5/2   1
 67  7  3f  5/2   1
 68  9  4f  5/2   1
 69 11  5f  5/2   1
 70  2  1d  5/2   2
 71  4  2d  5/2   2
 72  6  3d  5/2   2
 73  8  4d  5/2   2
 74 10  5d  5/2   2
 75 12  6d  5/2   2
 76  4  1g  7/2   1
 77  6  2g  7/2   1
 78  8  3g  7/2   1
 79 10  4g  7/2   1
 80 12  5g  7/2   1
 81  3  1f  7/2   2
 82  5  2f  7/2   2
 83  7  3f  7/2   2
 84  9  4f  7/2   2
 85 11  5f  7/2   2
 86 13  6f  7/2   2
 87  3  1f  7/2   1
 88  5  2f  7/2   1
 89  7  3f  7/2   1
 90  9  4f  7/2   1
 91 11  5f  7/2   1
 92  4  1g  7/2   2
 93  6  2g  7/2   2
 94  8  3g  7/2   2
 95 10  4g  7/2   2
 96 12  5g  7/2   2
 97  4  1g  9/2   1
 98  6  2g  9/2   1
 99  8  3g  9/2   1
100 10  4g  9/2   1
101 12  5g  9/2   1
102  5  1h  9/2   2
103  7  2h  9/2   2
104  9  3h  9/2   2
105 11  4h  9/2   2
106 13  5h  9/2   2
107  5  1h  9/2   1
108  7  2h  9/2   1
109  9  3h  9/2   1
110 11  4h  9/2   1
111  4  1g  9/2   2
112  6  2g  9/2   2
113  8  3g  9/2   2
114 10  4g  9/2   2
115 12  5g  9/2   2
116  6  1i 11/2   1
117  8  2i 11/2   1
118 10  3i 11/2   1
119 12  4i 11/2   1
120  5  1h 11/2   2
121  7  2h 11/2   2
122  9  3h 11/2   2
123 11  4h 11/2   2
124 13  5h 11/2   2
125  5  1h 11/2   1
126  7  2h 11/2   1
127  9  3h 11/2   1
128 11  4h 11/2   1
129  6  1i 11/2   2
130  8  2i 11/2   2
131 10  3i 11/2   2
132 12  4i 11/2   2
133  6  1i 13/2   1
134  8  2i 13/2   1
135 10  3i 13/2   1
136 12  4i 13/2   1
137  7  1j 13/2   2
138  9  2j 13/2   2
139 11  3j 13/2   2
140 13  4j 13/2   2
141  7  1j 13/2   1
142  9  2j 13/2   1
143 11  3j 13/2   1
144  6  1i 13/2   2
145  8  2i 13/2   2
146 10  3i 13/2   2
147 12  4i 13/2   2
148  8  1k 15/2   1
149 10  2k 15/2   1
150 12  3k 15/2   1
151  7  1j 15/2   2
152  9  2j 15/2   2
153 11  3j 15/2   2
154 13  4j 15/2   2
155  7  1j 15/2   1
156  9  2j 15/2   1
157 11  3j 15/2   1
158  8  1k 15/2   2
159 10  2k 15/2   2
160 12  3k 15/2   2
161  8  1k 17/2   1
162 10  2k 17/2   1
163 12  3k 17/2   1
164  9  1l 17/2   2
165 11  2l 17/2   2
166 13  3l 17/2   2
167  9  1l 17/2   1
168 11  2l 17/2   1
169  8  1k 17/2   2
170 10  2k 17/2   2
171 12  3k 17/2   2
172 10  1m 19/2   1
173 12  2m 19/2   1
174  9  1l 19/2   2
175 11  2l 19/2   2
176 13  3l 19/2   2
177  9  1l 19/2   1
178 11  2l 19/2   1
179 10  1m 19/2   2
180 12  2m 19/2   2
181 10  1m 21/2   1
182 12  2m 21/2   1
183 11  1n 21/2   2
184 13  2n 21/2   2
185 11  1n 21/2   1
186 10  1m 21/2   2
187 12  2m 21/2   2
188 12  1o 23/2   1
189 11  1n 23/2   2
190 13  2n 23/2   2
191 11  1n 23/2   1
192 12  1o 23/2   2
193 12  1o 25/2   1
194 13  1P 25/2   2

s 1/2   7   7   0   7
   1   NN =  0   nr =  1   l = 0   j = 1/2  1s  1/2
   2   NN =  2   nr =  2   l = 0   j = 1/2  2s  1/2
   3   NN =  4   nr =  3   l = 0   j = 1/2  3s  1/2
   4   NN =  6   nr =  4   l = 0   j = 1/2  4s  1/2
   5   NN =  8   nr =  5   l = 0   j = 1/2  5s  1/2
   6   NN = 10   nr =  6   l = 0   j = 1/2  6s  1/2
   7   NN = 12   nr =  7   l = 0   j = 1/2  7s  1/2
   -------------------------------------------------------------
   8   NN =  1   nr =  1   l = 1   j = 1/2  1p  1/2
   9   NN =  3   nr =  2   l = 1   j = 1/2  2p  1/2
  10   NN =  5   nr =  3   l = 1   j = 1/2  3p  1/2
  11   NN =  7   nr =  4   l = 1   j = 1/2  4p  1/2
  12   NN =  9   nr =  5   l = 1   j = 1/2  5p  1/2
  13   NN = 11   nr =  6   l = 1   j = 1/2  6p  1/2
  14   NN = 13   nr =  7   l = 1   j = 1/2  7p  1/2

p 1/2   6   7  14  20
  15   NN =  1   nr =  1   l = 1   j = 1/2  1p  1/2
  16   NN =  3   nr =  2   l = 1   j = 1/2  2p  1/2
  17   NN =  5   nr =  3   l = 1   j = 1/2  3p  1/2
  18   NN =  7   nr =  4   l = 1   j = 1/2  4p  1/2
  19   NN =  9   nr =  5   l = 1   j = 1/2  5p  1/2
  20   NN = 11   nr =  6   l = 1   j = 1/2  6p  1/2
   -------------------------------------------------------------
  21   NN =  0   nr =  1   l = 0   j = 1/2  1s  1/2
  22   NN =  2   nr =  2   l = 0   j = 1/2  2s  1/2
  23   NN =  4   nr =  3   l = 0   j = 1/2  3s  1/2
  24   NN =  6   nr =  4   l = 0   j = 1/2  4s  1/2
  25   NN =  8   nr =  5   l = 0   j = 1/2  5s  1/2
  26   NN = 10   nr =  6   l = 0   j = 1/2  6s  1/2
  27   NN = 12   nr =  7   l = 0   j = 1/2  7s  1/2

d 3/2   6   7  27  33
  28   NN =  2   nr =  1   l = 2   j = 3/2  1d  3/2
  29   NN =  4   nr =  2   l = 2   j = 3/2  2d  3/2
  30   NN =  6   nr =  3   l = 2   j = 3/2  3d  3/2
  31   NN =  8   nr =  4   l = 2   j = 3/2  4d  3/2
  32   NN = 10   nr =  5   l = 2   j = 3/2  5d  3/2
  33   NN = 12   nr =  6   l = 2   j = 3/2  6d  3/2
   -------------------------------------------------------------
  34   NN =  1   nr =  1   l = 1   j = 3/2  1p  3/2
  35   NN =  3   nr =  2   l = 1   j = 3/2  2p  3/2
  36   NN =  5   nr =  3   l = 1   j = 3/2  3p  3/2
  37   NN =  7   nr =  4   l = 1   j = 3/2  4p  3/2
  38   NN =  9   nr =  5   l = 1   j = 3/2  5p  3/2
  39   NN = 11   nr =  6   l = 1   j = 3/2  6p  3/2
  40   NN = 13   nr =  7   l = 1   j = 3/2  7p  3/2

p 3/2   6   6  40  46
  41   NN =  1   nr =  1   l = 1   j = 3/2  1p  3/2
  42   NN =  3   nr =  2   l = 1   j = 3/2  2p  3/2
  43   NN =  5   nr =  3   l = 1   j = 3/2  3p  3/2
  44   NN =  7   nr =  4   l = 1   j = 3/2  4p  3/2
  45   NN =  9   nr =  5   l = 1   j = 3/2  5p  3/2
  46   NN = 11   nr =  6   l = 1   j = 3/2  6p  3/2
   -------------------------------------------------------------
  47   NN =  2   nr =  1   l = 2   j = 3/2  1d  3/2
  48   NN =  4   nr =  2   l = 2   j = 3/2  2d  3/2
  49   NN =  6   nr =  3   l = 2   j = 3/2  3d  3/2
  50   NN =  8   nr =  4   l = 2   j = 3/2  4d  3/2
  51   NN = 10   nr =  5   l = 2   j = 3/2  5d  3/2
  52   NN = 12   nr =  6   l = 2   j = 3/2  6d  3/2

d 5/2   6   6  52  58
  53   NN =  2   nr =  1   l = 2   j = 5/2  1d  5/2
  54   NN =  4   nr =  2   l = 2   j = 5/2  2d  5/2
  55   NN =  6   nr =  3   l = 2   j = 5/2  3d  5/2
  56   NN =  8   nr =  4   l = 2   j = 5/2  4d  5/2
  57   NN = 10   nr =  5   l = 2   j = 5/2  5d  5/2
  58   NN = 12   nr =  6   l = 2   j = 5/2  6d  5/2
   -------------------------------------------------------------
  59   NN =  3   nr =  1   l = 3   j = 5/2  1f  5/2
  60   NN =  5   nr =  2   l = 3   j = 5/2  2f  5/2
  61   NN =  7   nr =  3   l = 3   j = 5/2  3f  5/2
  62   NN =  9   nr =  4   l = 3   j = 5/2  4f  5/2
  63   NN = 11   nr =  5   l = 3   j = 5/2  5f  5/2
  64   NN = 13   nr =  6   l = 3   j = 5/2  6f  5/2

f 5/2   5   6  64  69
  65   NN =  3   nr =  1   l = 3   j = 5/2  1f  5/2
  66   NN =  5   nr =  2   l = 3   j = 5/2  2f  5/2
  67   NN =  7   nr =  3   l = 3   j = 5/2  3f  5/2
  68   NN =  9   nr =  4   l = 3   j = 5/2  4f  5/2
  69   NN = 11   nr =  5   l = 3   j = 5/2  5f  5/2
   -------------------------------------------------------------
  70   NN =  2   nr =  1   l = 2   j = 5/2  1d  5/2
  71   NN =  4   nr =  2   l = 2   j = 5/2  2d  5/2
  72   NN =  6   nr =  3   l = 2   j = 5/2  3d  5/2
  73   NN =  8   nr =  4   l = 2   j = 5/2  4d  5/2
  74   NN = 10   nr =  5   l = 2   j = 5/2  5d  5/2
  75   NN = 12   nr =  6   l = 2   j = 5/2  6d  5/2

g 7/2   5   6  75  80
  76   NN =  4   nr =  1   l = 4   j = 7/2  1g  7/2
  77   NN =  6   nr =  2   l = 4   j = 7/2  2g  7/2
  78   NN =  8   nr =  3   l = 4   j = 7/2  3g  7/2
  79   NN = 10   nr =  4   l = 4   j = 7/2  4g  7/2
  80   NN = 12   nr =  5   l = 4   j = 7/2  5g  7/2
   -------------------------------------------------------------
  81   NN =  3   nr =  1   l = 3   j = 7/2  1f  7/2
  82   NN =  5   nr =  2   l = 3   j = 7/2  2f  7/2
  83   NN =  7   nr =  3   l = 3   j = 7/2  3f  7/2
  84   NN =  9   nr =  4   l = 3   j = 7/2  4f  7/2
  85   NN = 11   nr =  5   l = 3   j = 7/2  5f  7/2
  86   NN = 13   nr =  6   l = 3   j = 7/2  6f  7/2

f 7/2   5   5  86  91
  87   NN =  3   nr =  1   l = 3   j = 7/2  1f  7/2
  88   NN =  5   nr =  2   l = 3   j = 7/2  2f  7/2
  89   NN =  7   nr =  3   l = 3   j = 7/2  3f  7/2
  90   NN =  9   nr =  4   l = 3   j = 7/2  4f  7/2
  91   NN = 11   nr =  5   l = 3   j = 7/2  5f  7/2
   -------------------------------------------------------------
  92   NN =  4   nr =  1   l = 4   j = 7/2  1g  7/2
  93   NN =  6   nr =  2   l = 4   j = 7/2  2g  7/2
  94   NN =  8   nr =  3   l = 4   j = 7/2  3g  7/2
  95   NN = 10   nr =  4   l = 4   j = 7/2  4g  7/2
  96   NN = 12   nr =  5   l = 4   j = 7/2  5g  7/2

g 9/2   5   5  96 101
  97   NN =  4   nr =  1   l = 4   j = 9/2  1g  9/2
  98   NN =  6   nr =  2   l = 4   j = 9/2  2g  9/2
  99   NN =  8   nr =  3   l = 4   j = 9/2  3g  9/2
 100   NN = 10   nr =  4   l = 4   j = 9/2  4g  9/2
 101   NN = 12   nr =  5   l = 4   j = 9/2  5g  9/2
   -------------------------------------------------------------
 102   NN =  5   nr =  1   l = 5   j = 9/2  1h  9/2
 103   NN =  7   nr =  2   l = 5   j = 9/2  2h  9/2
 104   NN =  9   nr =  3   l = 5   j = 9/2  3h  9/2
 105   NN = 11   nr =  4   l = 5   j = 9/2  4h  9/2
 106   NN = 13   nr =  5   l = 5   j = 9/2  5h  9/2

h 9/2   4   5 106 110
 107   NN =  5   nr =  1   l = 5   j = 9/2  1h  9/2
 108   NN =  7   nr =  2   l = 5   j = 9/2  2h  9/2
 109   NN =  9   nr =  3   l = 5   j = 9/2  3h  9/2
 110   NN = 11   nr =  4   l = 5   j = 9/2  4h  9/2
   -------------------------------------------------------------
 111   NN =  4   nr =  1   l = 4   j = 9/2  1g  9/2
 112   NN =  6   nr =  2   l = 4   j = 9/2  2g  9/2
 113   NN =  8   nr =  3   l = 4   j = 9/2  3g  9/2
 114   NN = 10   nr =  4   l = 4   j = 9/2  4g  9/2
 115   NN = 12   nr =  5   l = 4   j = 9/2  5g  9/2

i11/2   4   5 115 119
 116   NN =  6   nr =  1   l = 6   j =11/2  1i 11/2
 117   NN =  8   nr =  2   l = 6   j =11/2  2i 11/2
 118   NN = 10   nr =  3   l = 6   j =11/2  3i 11/2
 119   NN = 12   nr =  4   l = 6   j =11/2  4i 11/2
   -------------------------------------------------------------
 120   NN =  5   nr =  1   l = 5   j =11/2  1h 11/2
 121   NN =  7   nr =  2   l = 5   j =11/2  2h 11/2
 122   NN =  9   nr =  3   l = 5   j =11/2  3h 11/2
 123   NN = 11   nr =  4   l = 5   j =11/2  4h 11/2
 124   NN = 13   nr =  5   l = 5   j =11/2  5h 11/2

h11/2   4   4 124 128
 125   NN =  5   nr =  1   l = 5   j =11/2  1h 11/2
 126   NN =  7   nr =  2   l = 5   j =11/2  2h 11/2
 127   NN =  9   nr =  3   l = 5   j =11/2  3h 11/2
 128   NN = 11   nr =  4   l = 5   j =11/2  4h 11/2
   -------------------------------------------------------------
 129   NN =  6   nr =  1   l = 6   j =11/2  1i 11/2
 130   NN =  8   nr =  2   l = 6   j =11/2  2i 11/2
 131   NN = 10   nr =  3   l = 6   j =11/2  3i 11/2
 132   NN = 12   nr =  4   l = 6   j =11/2  4i 11/2

i13/2   4   4 132 136
 133   NN =  6   nr =  1   l = 6   j =13/2  1i 13/2
 134   NN =  8   nr =  2   l = 6   j =13/2  2i 13/2
 135   NN = 10   nr =  3   l = 6   j =13/2  3i 13/2
 136   NN = 12   nr =  4   l = 6   j =13/2  4i 13/2
   -------------------------------------------------------------
 137   NN =  7   nr =  1   l = 7   j =13/2  1j 13/2
 138   NN =  9   nr =  2   l = 7   j =13/2  2j 13/2
 139   NN = 11   nr =  3   l = 7   j =13/2  3j 13/2
 140   NN = 13   nr =  4   l = 7   j =13/2  4j 13/2

j13/2   3   4 140 143
 141   NN =  7   nr =  1   l = 7   j =13/2  1j 13/2
 142   NN =  9   nr =  2   l = 7   j =13/2  2j 13/2
 143   NN = 11   nr =  3   l = 7   j =13/2  3j 13/2
   -------------------------------------------------------------
 144   NN =  6   nr =  1   l = 6   j =13/2  1i 13/2
 145   NN =  8   nr =  2   l = 6   j =13/2  2i 13/2
 146   NN = 10   nr =  3   l = 6   j =13/2  3i 13/2
 147   NN = 12   nr =  4   l = 6   j =13/2  4i 13/2

k15/2   3   4 147 150
 148   NN =  8   nr =  1   l = 8   j =15/2  1k 15/2
 149   NN = 10   nr =  2   l = 8   j =15/2  2k 15/2
 150   NN = 12   nr =  3   l = 8   j =15/2  3k 15/2
   -------------------------------------------------------------
 151   NN =  7   nr =  1   l = 7   j =15/2  1j 15/2
 152   NN =  9   nr =  2   l = 7   j =15/2  2j 15/2
 153   NN = 11   nr =  3   l = 7   j =15/2  3j 15/2
 154   NN = 13   nr =  4   l = 7   j =15/2  4j 15/2

j15/2   3   3 154 157
 155   NN =  7   nr =  1   l = 7   j =15/2  1j 15/2
 156   NN =  9   nr =  2   l = 7   j =15/2  2j 15/2
 157   NN = 11   nr =  3   l = 7   j =15/2  3j 15/2
   -------------------------------------------------------------
 158   NN =  8   nr =  1   l = 8   j =15/2  1k 15/2
 159   NN = 10   nr =  2   l = 8   j =15/2  2k 15/2
 160   NN = 12   nr =  3   l = 8   j =15/2  3k 15/2

k17/2   3   3 160 163
 161   NN =  8   nr =  1   l = 8   j =17/2  1k 17/2
 162   NN = 10   nr =  2   l = 8   j =17/2  2k 17/2
 163   NN = 12   nr =  3   l = 8   j =17/2  3k 17/2
   -------------------------------------------------------------
 164   NN =  9   nr =  1   l = 9   j =17/2  1l 17/2
 165   NN = 11   nr =  2   l = 9   j =17/2  2l 17/2
 166   NN = 13   nr =  3   l = 9   j =17/2  3l 17/2

l17/2   2   3 166 168
 167   NN =  9   nr =  1   l = 9   j =17/2  1l 17/2
 168   NN = 11   nr =  2   l = 9   j =17/2  2l 17/2
   -------------------------------------------------------------
 169   NN =  8   nr =  1   l = 8   j =17/2  1k 17/2
 170   NN = 10   nr =  2   l = 8   j =17/2  2k 17/2
 171   NN = 12   nr =  3   l = 8   j =17/2  3k 17/2

m19/2   2   3 171 173
 172   NN = 10   nr =  1   l =10   j =19/2  1m 19/2
 173   NN = 12   nr =  2   l =10   j =19/2  2m 19/2
   -------------------------------------------------------------
 174   NN =  9   nr =  1   l = 9   j =19/2  1l 19/2
 175   NN = 11   nr =  2   l = 9   j =19/2  2l 19/2
 176   NN = 13   nr =  3   l = 9   j =19/2  3l 19/2

l19/2   2   2 176 178
 177   NN =  9   nr =  1   l = 9   j =19/2  1l 19/2
 178   NN = 11   nr =  2   l = 9   j =19/2  2l 19/2
   -------------------------------------------------------------
 179   NN = 10   nr =  1   l =10   j =19/2  1m 19/2
 180   NN = 12   nr =  2   l =10   j =19/2  2m 19/2

m21/2   2   2 180 182
 181   NN = 10   nr =  1   l =10   j =21/2  1m 21/2
 182   NN = 12   nr =  2   l =10   j =21/2  2m 21/2
   -------------------------------------------------------------
 183   NN = 11   nr =  1   l =11   j =21/2  1n 21/2
 184   NN = 13   nr =  2   l =11   j =21/2  2n 21/2

n21/2   1   2 184 185
 185   NN = 11   nr =  1   l =11   j =21/2  1n 21/2
   -------------------------------------------------------------
 186   NN = 10   nr =  1   l =10   j =21/2  1m 21/2
 187   NN = 12   nr =  2   l =10   j =21/2  2m 21/2

o23/2   1   2 187 188
 188   NN = 12   nr =  1   l =12   j =23/2  1o 23/2
   -------------------------------------------------------------
 189   NN = 11   nr =  1   l =11   j =23/2  1n 23/2
 190   NN = 13   nr =  2   l =11   j =23/2  2n 23/2

n23/2   1   1 190 191
 191   NN = 11   nr =  1   l =11   j =23/2  1n 23/2
   -------------------------------------------------------------
 192   NN = 12   nr =  1   l =12   j =23/2  1o 23/2

o25/2   1   1 192 193
 193   NN = 12   nr =  1   l =12   j =25/2  1o 25/2
   -------------------------------------------------------------
 194   NN = 13   nr =  1   l =13   j =25/2  1P 25/2

 Number of blocks: nb  =   25  26
 Number of levels  nt  =    194   194
 Number of levels  nk  =    103   103
 Maximal n:        nrm =      7     7
 Maximal l:        nlm =     13    13
 Maximal nf            =      7     7
 Maximal ng            =      7     7
 number of pairs f  mv =    252   252
  ****** END BASE ***********************************
  ****** BEGIN DINOUT ****************************
  Pairing field has been calculated
  ****** END DINOUT ****************************
  ****** BEGIN GAUPOL ************************

********************************************************************************
 Radial function and derivative for n,l =  1  0
     0.08026031     0.22882556     0.34442511     0.41378678     0.43372703
    -0.00907494    -0.07762601    -0.19477046    -0.32767878    -0.44176045
 Radial function and derivative for n,l =  2  0
     0.09746060     0.25875165     0.33190265     0.29491084     0.16382831
    -0.02583908    -0.21454078    -0.50574791    -0.76863783    -0.88825450
 Radial function and derivative for n,l =  3  0
     0.10803236     0.26636056     0.28339446     0.15225981    -0.05713564
    -0.04518265    -0.36076142    -0.78048687    -1.01695058    -0.88553162
 Radial function and derivative for n,l =  4  0
     0.11568688     0.26408822     0.22401379     0.02546151    -0.19173905
    -0.06622058    -0.50724498    -0.99763902    -1.07330701    -0.57067549
 Radial function and derivative for n,l =  5  0
     0.12164775     0.25624680     0.16267332    -0.07504384    -0.24842892
    -0.08852043    -0.64962820    -1.15200761    -0.97150604    -0.10088617
 Radial function and derivative for n,l =  6  0
     0.12648264     0.24493004     0.10353959    -0.14757308    -0.24577940
    -0.11181664    -0.78536831    -1.24465704    -0.75276938     0.39539540
 Radial function and derivative for n,l =  7  0
     0.13050559     0.23134338     0.04876366    -0.19391724    -0.20315819
    -0.13592627    -0.91286717    -1.27965741    -0.45739507     0.82731556
 RNL(n,l) test   1  1  1.00000000  1.50000000  1.50000000  1.00000000
 RNL(n,l) test   2  1 -0.00000000 -1.22474487  1.22474487 -0.00000000
 RNL(n,l) test   3  1  0.00000000  0.00000000  0.00000000  0.00000000
 RNL(n,l) test   4  1  0.00000000  0.00000000  0.00000000  0.00000000
 RNL(n,l) test   5  1  0.00000000  0.00000000  0.00000000  0.00000000
 RNL(n,l) test   6  1  0.00000000  0.00000000  0.00000000  0.00000000
 RNL(n,l) test   7  1  0.00000000  0.00000000  0.00000000  0.00000000
 RNL(n,l) test   2  2  1.00000000  3.50000000  3.50000000  1.00000000
 RNL(n,l) test   3  2  0.00000000 -2.23606798  2.23606798  0.00000000
 RNL(n,l) test   4  2  0.00000000  0.00000000  0.00000000  0.00000000
 RNL(n,l) test   5  2  0.00000000  0.00000000  0.00000000  0.00000000
 RNL(n,l) test   6  2  0.00000000  0.00000000  0.00000000  0.00000000
 RNL(n,l) test   7  2  0.00000000  0.00000000  0.00000000  0.00000000
 RNL(n,l) test   3  3  1.00000000  5.50000000  5.50000000  1.00000000
 RNL(n,l) test   4  3 -0.00000000 -3.24037035  3.24037035 -0.00000000
 RNL(n,l) test   5  3 -0.00000000  0.00000000  0.00000000 -0.00000000
 RNL(n,l) test   6  3 -0.00000000 -0.00000000  0.00000000 -0.00000000
 RNL(n,l) test   7  3 -0.00000000 -0.00000000  0.00000000 -0.00000000
 RNL(n,l) test   4  4  1.00000000  7.50000000  7.50000000  1.00000000
 RNL(n,l) test   5  4 -0.00000000 -4.24264069  4.24264069 -0.00000000
 RNL(n,l) test   6  4 -0.00000000  0.00000000  0.00000000 -0.00000000
 RNL(n,l) test   7  4 -0.00000000  0.00000000  0.00000000 -0.00000000
 RNL(n,l) test   5  5  1.00000000  9.50000000  9.50000000  1.00000000
 RNL(n,l) test   6  5 -0.00000000 -5.24404424  5.24404424 -0.00000000
 RNL(n,l) test   7  5 -0.00000000 -0.00000000  0.00000000 -0.00000000
 RNL(n,l) test   6  6  1.00000000 11.50000000 11.50000000  1.00000000
 RNL(n,l) test   7  6 -0.00000000 -6.24499800  6.24499800 -0.00000000
 RNL(n,l) test   7  7  1.00000000 13.50000000 13.50000000  1.00000000

********************************************************************************
 Radial function and derivative for n,l =  1  1
     0.00740966     0.06338137     0.15902942     0.26754860     0.36069589
     0.06469447     0.16533401     0.19129169     0.12598309    -0.01324001
 Radial function and derivative for n,l =  2  1
     0.01165579     0.09560160     0.21928403     0.31691665     0.33365736
     0.10070809     0.22218515     0.15001639    -0.11877026    -0.47694629
 Radial function and derivative for n,l =  3  1
     0.01534019     0.12056707     0.25142463     0.30401648     0.22111531
     0.13114315     0.24491517     0.02896511    -0.43886027    -0.87318141
 Radial function and derivative for n,l =  4  1
     0.01869146     0.14067498     0.26500419     0.25773336     0.08847911
     0.15808361     0.24334734    -0.13669619    -0.74699763    -1.07733802
 Radial function and derivative for n,l =  5  1
     0.02180510     0.15703437     0.26522136     0.19445582    -0.03243723
     0.18241712     0.22282196    -0.32499161    -0.99708736    -1.06850218
 Radial function and derivative for n,l =  6  1
     0.02473375     0.17031854     0.25558014     0.12471140    -0.12663750
     0.20464199     0.18699649    -0.52049625    -1.16620386    -0.87558169
 Radial function and derivative for n,l =  7  1
     0.02751072     0.18099443     0.23866700     0.05547179    -0.18882491
     0.22507929     0.13865100    -0.71197566    -1.24615424    -0.54963871
 RNL(n,l) test   1  1  1.00000000  2.50000000  2.50000000  0.00000000
 RNL(n,l) test   2  1 -0.00000000 -1.58113883  1.58113883  0.00000000
 RNL(n,l) test   3  1 -0.00000000 -0.00000000  0.00000000  0.00000000
 RNL(n,l) test   4  1 -0.00000000 -0.00000000  0.00000000  0.00000000
 RNL(n,l) test   5  1  0.00000000  0.00000000  0.00000000  0.00000000
 RNL(n,l) test   6  1  0.00000000  0.00000000  0.00000000  0.00000000
 RNL(n,l) test   7  1  0.00000000  0.00000000  0.00000000  0.00000000
 RNL(n,l) test   2  2  1.00000000  4.50000000  4.50000000  0.00000000
 RNL(n,l) test   3  2 -0.00000000 -2.64575131  2.64575131  0.00000000
 RNL(n,l) test   4  2 -0.00000000  0.00000000 -0.00000000  0.00000000
 RNL(n,l) test   5  2 -0.00000000 -0.00000000 -0.00000000  0.00000000
 RNL(n,l) test   6  2  0.00000000  0.00000000 -0.00000000  0.00000000
 RNL(n,l) test   7  2  0.00000000  0.00000000  0.00000000  0.00000000
 RNL(n,l) test   3  3  1.00000000  6.50000000  6.50000000  0.00000000
 RNL(n,l) test   4  3 -0.00000000 -3.67423461  3.67423461  0.00000000
 RNL(n,l) test   5  3  0.00000000  0.00000000 -0.00000000  0.00000000
 RNL(n,l) test   6  3  0.00000000  0.00000000 -0.00000000  0.00000000
 RNL(n,l) test   7  3  0.00000000 -0.00000000 -0.00000000  0.00000000
 RNL(n,l) test   4  4  1.00000000  8.50000000  8.50000000  0.00000000
 RNL(n,l) test   5  4 -0.00000000 -4.69041576  4.69041576  0.00000000
 RNL(n,l) test   6  4  0.00000000 -0.00000000 -0.00000000  0.00000000
 RNL(n,l) test   7  4  0.00000000  0.00000000 -0.00000000  0.00000000
 RNL(n,l) test   5  5  1.00000000 10.50000000 10.50000000  0.00000000
 RNL(n,l) test   6  5  0.00000000 -5.70087713  5.70087713  0.00000000
 RNL(n,l) test   7  5 -0.00000000 -0.00000000 -0.00000000  0.00000000
 RNL(n,l) test   6  6  1.00000000 12.50000000 12.50000000  0.00000000
 RNL(n,l) test   7  6 -0.00000000 -6.70820393  6.70820393  0.00000000
 RNL(n,l) test   7  7  1.00000000 14.50000000 14.50000000  0.00000000

********************************************************************************
 Radial function and derivative for n,l =  1  2
     0.00052987     0.01359860     0.05687688     0.13399987     0.23234939
     0.00931265     0.07555865     0.16899451     0.23231036     0.21959530
 Radial function and derivative for n,l =  2  2
     0.00098768     0.02460416     0.09668483     0.20577349     0.30584665
     0.01729468     0.13177775     0.25288899     0.24329996     0.03606554
 Radial function and derivative for n,l =  3  2
     0.00147610     0.03568358     0.13148048     0.25067363     0.31006314
     0.02575131     0.18385396     0.29483679     0.14168536    -0.29096720
 Radial function and derivative for n,l =  4  2
     0.00199134     0.04670284     0.16100460     0.27216314     0.26742321
     0.03461031     0.23096959     0.29778834    -0.03769801    -0.64505291
 Radial function and derivative for n,l =  5  2
     0.00252918     0.05753165     0.18512986     0.27390220     0.19682545
     0.04379329     0.27242999     0.26554796    -0.26300591    -0.94560762
 Radial function and derivative for n,l =  6  2
     0.00308624     0.06807204     0.20393247     0.25970200     0.11360935
     0.05323760     0.30779327     0.20266674    -0.50642699    -1.14396584
 Radial function and derivative for n,l =  7  2
     0.00365989     0.07825196     0.21763011     0.23326059     0.02948494
     0.06289372     0.33681169     0.11403931    -0.74493791    -1.21790630
 RNL(n,l) test   1  1  1.00000000  3.50000000  3.50000000  0.00000000
 RNL(n,l) test   2  1 -0.00000000 -1.87082869  1.87082869  0.00000000
 RNL(n,l) test   3  1 -0.00000000 -0.00000000 -0.00000000  0.00000000
 RNL(n,l) test   4  1 -0.00000000 -0.00000000 -0.00000000  0.00000000
 RNL(n,l) test   5  1 -0.00000000 -0.00000000  0.00000000  0.00000000
 RNL(n,l) test   6  1 -0.00000000 -0.00000000  0.00000000  0.00000000
 RNL(n,l) test   7  1 -0.00000000 -0.00000000  0.00000000  0.00000000
 RNL(n,l) test   2  2  1.00000000  5.50000000  5.50000000  0.00000000
 RNL(n,l) test   3  2 -0.00000000 -3.00000000  3.00000000  0.00000000
 RNL(n,l) test   4  2 -0.00000000 -0.00000000 -0.00000000  0.00000000
 RNL(n,l) test   5  2 -0.00000000 -0.00000000 -0.00000000  0.00000000
 RNL(n,l) test   6  2 -0.00000000 -0.00000000  0.00000000  0.00000000
 RNL(n,l) test   7  2 -0.00000000 -0.00000000  0.00000000  0.00000000
 RNL(n,l) test   3  3  1.00000000  7.50000000  7.50000000  0.00000000
 RNL(n,l) test   4  3 -0.00000000 -4.06201920  4.06201920  0.00000000
 RNL(n,l) test   5  3 -0.00000000 -0.00000000 -0.00000000  0.00000000
 RNL(n,l) test   6  3 -0.00000000  0.00000000 -0.00000000  0.00000000
 RNL(n,l) test   7  3 -0.00000000 -0.00000000  0.00000000  0.00000000
 RNL(n,l) test   4  4  1.00000000  9.50000000  9.50000000  0.00000000
 RNL(n,l) test   5  4 -0.00000000 -5.09901951  5.09901951  0.00000000
 RNL(n,l) test   6  4 -0.00000000 -0.00000000 -0.00000000  0.00000000
 RNL(n,l) test   7  4 -0.00000000  0.00000000 -0.00000000  0.00000000
 RNL(n,l) test   5  5  1.00000000 11.50000000 11.50000000  0.00000000
 RNL(n,l) test   6  5 -0.00000000 -6.12372436  6.12372436  0.00000000
 RNL(n,l) test   7  5 -0.00000000 -0.00000000 -0.00000000  0.00000000
 RNL(n,l) test   6  6  1.00000000 13.50000000 13.50000000  0.00000000
 RNL(n,l) test   7  6  0.00000000 -7.14142843  7.14142843  0.00000000
 RNL(n,l) test   7  7  1.00000000 15.50000000 15.50000000  0.00000000

********************************************************************************
 Radial function and derivative for n,l =  1  3
     0.00003202     0.00246583     0.01719214     0.05672076     0.12649631
     0.00084607     0.02096978     0.08148385     0.16996052     0.24374867
 Radial function and derivative for n,l =  2  3
     0.00006774     0.00509704     0.03387837     0.10355499     0.20647886
     0.00178626     0.04255735     0.15140381     0.26794815     0.27639808
 Radial function and derivative for n,l =  3  3
     0.00011202     0.00823530     0.05213300     0.14709056     0.25917160
     0.00294811     0.06747323     0.21845669     0.31630907     0.17251886
 Radial function and derivative for n,l =  4  3
     0.00016441     0.01180904     0.07112904     0.18446487     0.28290724
     0.00431886     0.09489011     0.27761428     0.30993150    -0.03560128
 Radial function and derivative for n,l =  5  3
     0.00022449     0.01575065     0.09017265     0.21391618     0.27980790
     0.00588566     0.12405189     0.32517349     0.25030562    -0.30581144
 Radial function and derivative for n,l =  6  3
     0.00029187     0.02000087     0.10871462     0.23460655     0.25429230
     0.00763735     0.15430594     0.35865479     0.14349684    -0.59522357
 Radial function and derivative for n,l =  7  3
     0.00036622     0.02450771     0.12632634     0.24637735     0.21183439
     0.00956419     0.18508868     0.37656131    -0.00167528    -0.86592926
 RNL(n,l) test   1  1  1.00000000  4.50000000  4.50000000  0.00000000
 RNL(n,l) test   2  1 -0.00000000 -2.12132034  2.12132034  0.00000000
 RNL(n,l) test   3  1 -0.00000000  0.00000000 -0.00000000  0.00000000
 RNL(n,l) test   4  1 -0.00000000 -0.00000000 -0.00000000  0.00000000
 RNL(n,l) test   5  1 -0.00000000 -0.00000000 -0.00000000  0.00000000
 RNL(n,l) test   6  1 -0.00000000 -0.00000000 -0.00000000  0.00000000
 RNL(n,l) test   7  1 -0.00000000 -0.00000000 -0.00000000  0.00000000
 RNL(n,l) test   2  2  1.00000000  6.50000000  6.50000000  0.00000000
 RNL(n,l) test   3  2 -0.00000000 -3.31662479  3.31662479  0.00000000
 RNL(n,l) test   4  2 -0.00000000 -0.00000000 -0.00000000  0.00000000
 RNL(n,l) test   5  2 -0.00000000 -0.00000000 -0.00000000  0.00000000
 RNL(n,l) test   6  2 -0.00000000 -0.00000000 -0.00000000  0.00000000
 RNL(n,l) test   7  2 -0.00000000 -0.00000000 -0.00000000  0.00000000
 RNL(n,l) test   3  3  1.00000000  8.50000000  8.50000000  0.00000000
 RNL(n,l) test   4  3 -0.00000000 -4.41588043  4.41588043  0.00000000
 RNL(n,l) test   5  3 -0.00000000 -0.00000000 -0.00000000  0.00000000
 RNL(n,l) test   6  3 -0.00000000  0.00000000 -0.00000000  0.00000000
 RNL(n,l) test   7  3 -0.00000000 -0.00000000 -0.00000000  0.00000000
 RNL(n,l) test   4  4  1.00000000 10.50000000 10.50000000  0.00000000
 RNL(n,l) test   5  4 -0.00000000 -5.47722558  5.47722558  0.00000000
 RNL(n,l) test   6  4 -0.00000000 -0.00000000 -0.00000000  0.00000000
 RNL(n,l) test   7  4 -0.00000000  0.00000000 -0.00000000  0.00000000
 RNL(n,l) test   5  5  1.00000000 12.50000000 12.50000000  0.00000000
 RNL(n,l) test   6  5 -0.00000000 -6.51920241  6.51920241  0.00000000
 RNL(n,l) test   7  5 -0.00000000 -0.00000000 -0.00000000  0.00000000
 RNL(n,l) test   6  6  1.00000000 14.50000000 14.50000000  0.00000000
 RNL(n,l) test   7  6 -0.00000000 -7.54983444  7.54983444  0.00000000
 RNL(n,l) test   7  7  1.00000000 16.50000000 16.50000000  0.00000000

********************************************************************************
 Radial function and derivative for n,l =  1  4
     0.00000171     0.00039433     0.00458302     0.02117422     0.06073541
     0.00006019     0.00451584     0.02982614     0.09018578     0.17666339
 Radial function and derivative for n,l =  2  4
     0.00000399     0.00090544     0.01012322     0.04399596     0.11557126
     0.00014067     0.01025491     0.06367133     0.17308895     0.28341186
 Radial function and derivative for n,l =  3  4
     0.00000718     0.00159803     0.01717872     0.07009232     0.16764571
     0.00025271     0.01789651     0.10422156     0.25195481     0.32778487
 Radial function and derivative for n,l =  4  4
     0.00001133     0.00247349     0.02555217     0.09767049     0.21124494
     0.00039818     0.02738500     0.14921255     0.31632764     0.29737194
 Radial function and derivative for n,l =  5  4
     0.00001648     0.00352950     0.03501880     0.12510538     0.24266375
     0.00057841     0.03862271     0.19635954     0.35835970     0.19313353
 Radial function and derivative for n,l =  6  4
     0.00002266     0.00476192     0.04535124     0.15103776     0.26007822
     0.00079449     0.05149236     0.24352847     0.37296610     0.02592421
 Radial function and derivative for n,l =  7  4
     0.00002991     0.00616540     0.05632820     0.17438509     0.26318500
     0.00104732     0.06586487     0.28879111     0.35756015    -0.18721082
 RNL(n,l) test   1  1  1.00000000  5.50000000  5.50000000  0.00000000
 RNL(n,l) test   2  1 -0.00000000 -2.34520788  2.34520788  0.00000000
 RNL(n,l) test   3  1 -0.00000000  0.00000000 -0.00000000  0.00000000
 RNL(n,l) test   4  1 -0.00000000 -0.00000000 -0.00000000  0.00000000
 RNL(n,l) test   5  1 -0.00000000 -0.00000000 -0.00000000  0.00000000
 RNL(n,l) test   6  1 -0.00000000 -0.00000000 -0.00000000  0.00000000
 RNL(n,l) test   7  1 -0.00000000 -0.00000000 -0.00000000  0.00000000
 RNL(n,l) test   2  2  1.00000000  7.50000000  7.50000000  0.00000000
 RNL(n,l) test   3  2 -0.00000000 -3.60555128  3.60555128  0.00000000
 RNL(n,l) test   4  2 -0.00000000  0.00000000 -0.00000000  0.00000000
 RNL(n,l) test   5  2 -0.00000000  0.00000000 -0.00000000  0.00000000
 RNL(n,l) test   6  2 -0.00000000 -0.00000000 -0.00000000  0.00000000
 RNL(n,l) test   7  2 -0.00000000 -0.00000000 -0.00000000  0.00000000
 RNL(n,l) test   3  3  1.00000000  9.50000000  9.50000000  0.00000000
 RNL(n,l) test   4  3 -0.00000000 -4.74341649  4.74341649  0.00000000
 RNL(n,l) test   5  3 -0.00000000 -0.00000000 -0.00000000  0.00000000
 RNL(n,l) test   6  3 -0.00000000  0.00000000 -0.00000000  0.00000000
 RNL(n,l) test   7  3 -0.00000000  0.00000000 -0.00000000  0.00000000
 RNL(n,l) test   4  4  1.00000000 11.50000000 11.50000000  0.00000000
 RNL(n,l) test   5  4 -0.00000000 -5.83095189  5.83095189  0.00000000
 RNL(n,l) test   6  4 -0.00000000 -0.00000000 -0.00000000  0.00000000
 RNL(n,l) test   7  4 -0.00000000  0.00000000 -0.00000000  0.00000000
 RNL(n,l) test   5  5  1.00000000 13.50000000 13.50000000  0.00000000
 RNL(n,l) test   6  5 -0.00000000 -6.89202438  6.89202438  0.00000000
 RNL(n,l) test   7  5 -0.00000000 -0.00000000 -0.00000000  0.00000000
 RNL(n,l) test   6  6  1.00000000 15.50000000 15.50000000  0.00000000
 RNL(n,l) test   7  6 -0.00000000 -7.93725393  7.93725393  0.00000000
 RNL(n,l) test   7  7  1.00000000 17.50000000 17.50000000  0.00000000

********************************************************************************
 Radial function and derivative for n,l =  1  5
     0.00000008     0.00005704     0.00110509     0.00714987     0.02637734
     0.00000363     0.00082136     0.00914611     0.03948160     0.10262243
 Radial function and derivative for n,l =  2  5
     0.00000021     0.00014285     0.00267883     0.01646998     0.05651643
     0.00000923     0.00204182     0.02168068     0.08650570     0.19880483
 Radial function and derivative for n,l =  3  5
     0.00000040     0.00027172     0.00493057     0.02877309     0.09153434
     0.00001782     0.00385478     0.03898928     0.14312118     0.28578492
 Radial function and derivative for n,l =  4  5
     0.00000068     0.00044923     0.00788537     0.04362305     0.12817794
     0.00002992     0.00632492     0.06086911     0.20444836     0.34612488
 Radial function and derivative for n,l =  5  5
     0.00000105     0.00067997     0.01154162     0.06044934     0.16336158
     0.00004598     0.00950020     0.08688490     0.26532548     0.36714738
 Radial function and derivative for n,l =  6  5
     0.00000151     0.00096775     0.01587896     0.07862558     0.19447868
     0.00006644     0.01341609     0.11645143     0.32085109     0.34176621
 Radial function and derivative for n,l =  7  5
     0.00000209     0.00131578     0.02086263     0.09751473     0.21952137
     0.00009173     0.01809755     0.14888232     0.36667614     0.26824396
 RNL(n,l) test   1  1  1.00000000  6.50000000  6.50000000  0.00000000
 RNL(n,l) test   2  1 -0.00000000 -2.54950976  2.54950976  0.00000000
 RNL(n,l) test   3  1  0.00000000  0.00000000 -0.00000000  0.00000000
 RNL(n,l) test   4  1 -0.00000000  0.00000000 -0.00000000  0.00000000
 RNL(n,l) test   5  1 -0.00000000 -0.00000000 -0.00000000  0.00000000
 RNL(n,l) test   6  1 -0.00000000  0.00000000 -0.00000000  0.00000000
 RNL(n,l) test   7  1 -0.00000000  0.00000000 -0.00000000  0.00000000
 RNL(n,l) test   2  2  1.00000000  8.50000000  8.50000000  0.00000000
 RNL(n,l) test   3  2 -0.00000000 -3.87298335  3.87298335  0.00000000
 RNL(n,l) test   4  2 -0.00000000  0.00000000 -0.00000000  0.00000000
 RNL(n,l) test   5  2 -0.00000000  0.00000000 -0.00000000  0.00000000
 RNL(n,l) test   6  2 -0.00000000 -0.00000000 -0.00000000  0.00000000
 RNL(n,l) test   7  2 -0.00000000 -0.00000000 -0.00000000  0.00000000
 RNL(n,l) test   3  3  1.00000000 10.50000000 10.50000000  0.00000000
 RNL(n,l) test   4  3 -0.00000000 -5.04975247  5.04975247  0.00000000
 RNL(n,l) test   5  3 -0.00000000 -0.00000000 -0.00000000  0.00000000
 RNL(n,l) test   6  3 -0.00000000  0.00000000 -0.00000000  0.00000000
 RNL(n,l) test   7  3 -0.00000000  0.00000000 -0.00000000  0.00000000
 RNL(n,l) test   4  4  1.00000000 12.50000000 12.50000000  0.00000000
 RNL(n,l) test   5  4 -0.00000000 -6.16441400  6.16441400  0.00000000
 RNL(n,l) test   6  4 -0.00000000 -0.00000000 -0.00000000  0.00000000
 RNL(n,l) test   7  4 -0.00000000  0.00000000 -0.00000000  0.00000000
 RNL(n,l) test   5  5  1.00000000 14.50000000 14.50000000  0.00000000
 RNL(n,l) test   6  5 -0.00000000 -7.24568837  7.24568837  0.00000000
 RNL(n,l) test   7  5 -0.00000000 -0.00000000 -0.00000000  0.00000000
 RNL(n,l) test   6  6  1.00000000 16.50000000 16.50000000  0.00000000
 RNL(n,l) test   7  6  0.00000000 -8.30662386  8.30662386  0.00000000
 RNL(n,l) test   7  7  1.00000000 18.50000000 18.50000000  0.00000000

********************************************************************************
 Radial function and derivative for n,l =  1  6
     0.00000000     0.00000759     0.00024512     0.00222082     0.01053767
     0.00000019     0.00013166     0.00246211     0.01506778     0.05134341
 Radial function and derivative for n,l =  2  6
     0.00000001     0.00002047     0.00064265     0.00557342     0.02486693
     0.00000053     0.00035316     0.00635404     0.03653011     0.11332266
 Radial function and derivative for n,l =  3  6
     0.00000002     0.00004154     0.00126808     0.01051886     0.04403976
     0.00000109     0.00071304     0.01233581     0.06646342     0.18620458
 Radial function and derivative for n,l =  4  6
     0.00000004     0.00007279     0.00215933     0.01711903     0.06710488
     0.00000193     0.00124258     0.02065817     0.10403073     0.26060206
 Radial function and derivative for n,l =  5  6
     0.00000006     0.00011611     0.00334696     0.02533909     0.09276628
     0.00000312     0.00197136     0.03147507     0.14770617     0.32666430
 Radial function and derivative for n,l =  6  6
     0.00000009     0.00017337     0.00485482     0.03506869     0.11957911
     0.00000472     0.00292734     0.04485538     0.19550490     0.37539271
 Radial function and derivative for n,l =  7  6
     0.00000013     0.00024637     0.00670041     0.04613803     0.14608688
     0.00000679     0.00413675     0.06079069     0.24516063     0.39944583
 RNL(n,l) test   1  1  1.00000000  7.50000000  7.50000000  0.00000000
 RNL(n,l) test   2  1 -0.00000000 -2.73861279  2.73861279  0.00000000
 RNL(n,l) test   3  1  0.00000000  0.00000000 -0.00000000  0.00000000
 RNL(n,l) test   4  1  0.00000000  0.00000000 -0.00000000  0.00000000
 RNL(n,l) test   5  1 -0.00000000 -0.00000000 -0.00000000  0.00000000
 RNL(n,l) test   6  1 -0.00000000 -0.00000000 -0.00000000  0.00000000
 RNL(n,l) test   7  1  0.00000000  0.00000000 -0.00000000  0.00000000
 RNL(n,l) test   2  2  1.00000000  9.50000000  9.50000000  0.00000000
 RNL(n,l) test   3  2 -0.00000000 -4.12310563  4.12310563  0.00000000
 RNL(n,l) test   4  2 -0.00000000 -0.00000000 -0.00000000  0.00000000
 RNL(n,l) test   5  2  0.00000000  0.00000000 -0.00000000  0.00000000
 RNL(n,l) test   6  2  0.00000000  0.00000000 -0.00000000  0.00000000
 RNL(n,l) test   7  2 -0.00000000 -0.00000000 -0.00000000  0.00000000
 RNL(n,l) test   3  3  1.00000000 11.50000000 11.50000000  0.00000000
 RNL(n,l) test   4  3  0.00000000 -5.33853913  5.33853913  0.00000000
 RNL(n,l) test   5  3 -0.00000000 -0.00000000 -0.00000000  0.00000000
 RNL(n,l) test   6  3 -0.00000000  0.00000000 -0.00000000  0.00000000
 RNL(n,l) test   7  3 -0.00000000 -0.00000000 -0.00000000  0.00000000
 RNL(n,l) test   4  4  1.00000000 13.50000000 13.50000000  0.00000000
 RNL(n,l) test   5  4 -0.00000000 -6.48074070  6.48074070  0.00000000
 RNL(n,l) test   6  4 -0.00000000 -0.00000000 -0.00000000  0.00000000
 RNL(n,l) test   7  4 -0.00000000  0.00000000 -0.00000000  0.00000000
 RNL(n,l) test   5  5  1.00000000 15.50000000 15.50000000  0.00000000
 RNL(n,l) test   6  5  0.00000000 -7.58287544  7.58287544  0.00000000
 RNL(n,l) test   7  5 -0.00000000 -0.00000000 -0.00000000  0.00000000
 RNL(n,l) test   6  6  1.00000000 17.50000000 17.50000000  0.00000000
 RNL(n,l) test   7  6  0.00000000 -8.66025404  8.66025404  0.00000000
 RNL(n,l) test   7  7  1.00000000 19.50000000 19.50000000  0.00000000

********************************************************************************
 Radial function and derivative for n,l =  1  7
     0.00000000     0.00000094     0.00005061     0.00064218     0.00391908
     0.00000001     0.00001908     0.00059790     0.00516795     0.02294302
 Radial function and derivative for n,l =  2  7
     0.00000000     0.00000270     0.00014201     0.00173412     0.01003150
     0.00000003     0.00005466     0.00165796     0.01360658     0.05598796
 Radial function and derivative for n,l =  3  7
     0.00000000     0.00000581     0.00029781     0.00349825     0.01915580
     0.00000006     0.00011704     0.00343540     0.02673215     0.10150912
 Radial function and derivative for n,l =  4  7
     0.00000000     0.00001073     0.00053603     0.00605355     0.03133179
     0.00000011     0.00021511     0.00610785     0.04499568     0.15688106
 Radial function and derivative for n,l =  5  7
     0.00000000     0.00001794     0.00087425     0.00948736     0.04634044
     0.00000019     0.00035831     0.00983781     0.06850134     0.21799090
 Radial function and derivative for n,l =  6  7
     0.00000000     0.00002798     0.00132944     0.01385515     0.06375679
     0.00000029     0.00055653     0.01476956     0.09703291     0.27983532
 Radial function and derivative for n,l =  7  7
     0.00000001     0.00004140     0.00191754     0.01918083     0.08300077
     0.00000044     0.00082001     0.02102617     0.13008491     0.33704569
 RNL(n,l) test   1  1  1.00000000  8.50000000  8.50000000  0.00000000
 RNL(n,l) test   2  1 -0.00000000 -2.91547595  2.91547595  0.00000000
 RNL(n,l) test   3  1  0.00000000  0.00000000 -0.00000000  0.00000000
 RNL(n,l) test   4  1  0.00000000  0.00000000  0.00000000  0.00000000
 RNL(n,l) test   5  1 -0.00000000 -0.00000000  0.00000000  0.00000000
 RNL(n,l) test   6  1 -0.00000000 -0.00000000 -0.00000000  0.00000000
 RNL(n,l) test   7  1  0.00000000  0.00000000 -0.00000000  0.00000000
 RNL(n,l) test   2  2  1.00000000 10.50000000 10.50000000  0.00000000
 RNL(n,l) test   3  2 -0.00000000 -4.35889894  4.35889894  0.00000000
 RNL(n,l) test   4  2 -0.00000000 -0.00000000 -0.00000000  0.00000000
 RNL(n,l) test   5  2  0.00000000  0.00000000 -0.00000000  0.00000000
 RNL(n,l) test   6  2  0.00000000  0.00000000 -0.00000000  0.00000000
 RNL(n,l) test   7  2  0.00000000  0.00000000 -0.00000000  0.00000000
 RNL(n,l) test   3  3  1.00000000 12.50000000 12.50000000  0.00000000
 RNL(n,l) test   4  3  0.00000000 -5.61248608  5.61248608  0.00000000
 RNL(n,l) test   5  3 -0.00000000 -0.00000000 -0.00000000  0.00000000
 RNL(n,l) test   6  3 -0.00000000  0.00000000 -0.00000000  0.00000000
 RNL(n,l) test   7  3 -0.00000000 -0.00000000 -0.00000000  0.00000000
 RNL(n,l) test   4  4  1.00000000 14.50000000 14.50000000  0.00000000
 RNL(n,l) test   5  4  0.00000000 -6.78232998  6.78232998  0.00000000
 RNL(n,l) test   6  4 -0.00000000 -0.00000000 -0.00000000  0.00000000
 RNL(n,l) test   7  4  0.00000000  0.00000000 -0.00000000  0.00000000
 RNL(n,l) test   5  5  1.00000000 16.50000000 16.50000000  0.00000000
 RNL(n,l) test   6  5  0.00000000 -7.90569415  7.90569415  0.00000000
 RNL(n,l) test   7  5 -0.00000000 -0.00000000 -0.00000000  0.00000000
 RNL(n,l) test   6  6  1.00000000 18.50000000 18.50000000  0.00000000
 RNL(n,l) test   7  6  0.00000000 -9.00000000  9.00000000  0.00000000
 RNL(n,l) test   7  7  1.00000000 20.50000000 20.50000000  0.00000000

********************************************************************************
 Radial function and derivative for n,l =  1  8
     0.00000000     0.00000011     0.00000982     0.00017443     0.00136913
     0.00000000     0.00000254     0.00013333     0.00162399     0.00935938
 Radial function and derivative for n,l =  2  8
     0.00000000     0.00000033     0.00002924     0.00050213     0.00375913
     0.00000000     0.00000772     0.00039352     0.00458541     0.02479257
 Radial function and derivative for n,l =  3  8
     0.00000000     0.00000075     0.00006473     0.00107407     0.00766172
     0.00000000     0.00001741     0.00086318     0.00961379     0.04863859
 Radial function and derivative for n,l =  4  8
     0.00000000     0.00000146     0.00012245     0.00196221     0.01332362
     0.00000001     0.00003358     0.00161746     0.01720274     0.08120014
 Radial function and derivative for n,l =  5  8
     0.00000000     0.00000255     0.00020910     0.00323501     0.02088680
     0.00000001     0.00005845     0.00273576     0.02775796     0.12183993
 Radial function and derivative for n,l =  6  8
     0.00000000     0.00000413     0.00033187     0.00495494     0.03038510
     0.00000002     0.00009457     0.00429991     0.04157722     0.16907400
 Radial function and derivative for n,l =  7  8
     0.00000000     0.00000635     0.00049824     0.00717627     0.04174654
     0.00000003     0.00014476     0.00639208     0.05883535     0.22070883
 RNL(n,l) test   1  1  1.00000000  9.50000000  9.50000000  0.00000000
 RNL(n,l) test   2  1 -0.00000000 -3.08220700  3.08220700  0.00000000
 RNL(n,l) test   3  1  0.00000000  0.00000000 -0.00000000  0.00000000
 RNL(n,l) test   4  1  0.00000000  0.00000000  0.00000000  0.00000000
 RNL(n,l) test   5  1 -0.00000000 -0.00000000  0.00000000  0.00000000
 RNL(n,l) test   6  1 -0.00000000 -0.00000000 -0.00000000  0.00000000
 RNL(n,l) test   7  1 -0.00000000 -0.00000000 -0.00000000  0.00000000
 RNL(n,l) test   2  2  1.00000000 11.50000000 11.50000000  0.00000000
 RNL(n,l) test   3  2 -0.00000000 -4.58257569  4.58257569  0.00000000
 RNL(n,l) test   4  2 -0.00000000 -0.00000000 -0.00000000  0.00000000
 RNL(n,l) test   5  2  0.00000000  0.00000000  0.00000000  0.00000000
 RNL(n,l) test   6  2  0.00000000  0.00000000  0.00000000  0.00000000
 RNL(n,l) test   7  2  0.00000000  0.00000000  0.00000000  0.00000000
 RNL(n,l) test   3  3  1.00000000 13.50000000 13.50000000  0.00000000
 RNL(n,l) test   4  3  0.00000000 -5.87367006  5.87367006  0.00000000
 RNL(n,l) test   5  3 -0.00000000 -0.00000000 -0.00000000  0.00000000
 RNL(n,l) test   6  3  0.00000000  0.00000000 -0.00000000  0.00000000
 RNL(n,l) test   7  3  0.00000000 -0.00000000  0.00000000  0.00000000
 RNL(n,l) test   4  4  1.00000000 15.50000000 15.50000000  0.00000000
 RNL(n,l) test   5  4  0.00000000 -7.07106781  7.07106781  0.00000000
 RNL(n,l) test   6  4 -0.00000000 -0.00000000 -0.00000000  0.00000000
 RNL(n,l) test   7  4  0.00000000  0.00000000 -0.00000000  0.00000000
 RNL(n,l) test   5  5  1.00000000 17.50000000 17.50000000  0.00000000
 RNL(n,l) test   6  5  0.00000000 -8.21583836  8.21583836  0.00000000
 RNL(n,l) test   7  5 -0.00000000 -0.00000000 -0.00000000  0.00000000
 RNL(n,l) test   6  6  1.00000000 19.50000000 19.50000000  0.00000000
 RNL(n,l) test   7  6  0.00000000 -9.32737905  9.32737905  0.00000000
 RNL(n,l) test   7  7  1.00000000 21.50000000 21.50000000  0.00000000

********************************************************************************
 Radial function and derivative for n,l =  1  9
     0.00000000     0.00000001     0.00000180     0.00004482     0.00045243
     0.00000000     0.00000032     0.00002765     0.00047384     0.00353703
 Radial function and derivative for n,l =  2  9
     0.00000000     0.00000004     0.00000566     0.00013654     0.00132120
     0.00000000     0.00000101     0.00008623     0.00142180     0.01004451
 Radial function and derivative for n,l =  3  9
     0.00000000     0.00000009     0.00001315     0.00030776     0.00285215
     0.00000000     0.00000238     0.00019899     0.00315467     0.02105656
 Radial function and derivative for n,l =  4  9
     0.00000000     0.00000018     0.00002603     0.00059027     0.00523555
     0.00000000     0.00000480     0.00039082     0.00595360     0.03747631
 Radial function and derivative for n,l =  5  9
     0.00000000     0.00000034     0.00004635     0.00101854     0.00863983
     0.00000000     0.00000870     0.00069070     0.01010382     0.05985901
 Radial function and derivative for n,l =  6  9
     0.00000000     0.00000057     0.00007650     0.00162856     0.01320080
     0.00000000     0.00001462     0.00113131     0.01588095     0.08835334
 Radial function and derivative for n,l =  7  9
     0.00000000     0.00000090     0.00011916     0.00245670     0.01901318
     0.00000000     0.00002318     0.00174855     0.02353779     0.12267295
 RNL(n,l) test   1  1  1.00000000 10.50000000 10.50000000  0.00000000
 RNL(n,l) test   2  1 -0.00000000 -3.24037035  3.24037035  0.00000000
 RNL(n,l) test   3  1 -0.00000000 -0.00000000 -0.00000000  0.00000000
 RNL(n,l) test   4  1  0.00000000  0.00000000 -0.00000000  0.00000000
 RNL(n,l) test   5  1 -0.00000000  0.00000000  0.00000000  0.00000000
 RNL(n,l) test   6  1 -0.00000000 -0.00000000 -0.00000000  0.00000000
 RNL(n,l) test   7  1 -0.00000000 -0.00000000 -0.00000000  0.00000000
 RNL(n,l) test   2  2  1.00000000 12.50000000 12.50000000  0.00000000
 RNL(n,l) test   3  2  0.00000000 -4.79583152  4.79583152  0.00000000
 RNL(n,l) test   4  2 -0.00000000 -0.00000000 -0.00000000  0.00000000
 RNL(n,l) test   5  2 -0.00000000  0.00000000 -0.00000000  0.00000000
 RNL(n,l) test   6  2  0.00000000  0.00000000  0.00000000  0.00000000
 RNL(n,l) test   7  2  0.00000000  0.00000000  0.00000000  0.00000000
 RNL(n,l) test   3  3  1.00000000 14.50000000 14.50000000  0.00000000
 RNL(n,l) test   4  3  0.00000000 -6.12372436  6.12372436  0.00000000
 RNL(n,l) test   5  3 -0.00000000 -0.00000000 -0.00000000  0.00000000
 RNL(n,l) test   6  3  0.00000000  0.00000000 -0.00000000  0.00000000
 RNL(n,l) test   7  3  0.00000000 -0.00000000  0.00000000  0.00000000
 RNL(n,l) test   4  4  1.00000000 16.50000000 16.50000000  0.00000000
 RNL(n,l) test   5  4  0.00000000 -7.34846923  7.34846923  0.00000000
 RNL(n,l) test   6  4 -0.00000000 -0.00000000 -0.00000000  0.00000000
 RNL(n,l) test   7  4  0.00000000  0.00000000 -0.00000000  0.00000000
 RNL(n,l) test   5  5  1.00000000 18.50000000 18.50000000  0.00000000
 RNL(n,l) test   6  5  0.00000000 -8.51469318  8.51469318  0.00000000
 RNL(n,l) test   7  5 -0.00000000 -0.00000000 -0.00000000  0.00000000
 RNL(n,l) test   6  6  1.00000000 20.50000000 20.50000000  0.00000000
 RNL(n,l) test   7  6  0.00000000 -9.64365076  9.64365076  0.00000000
 RNL(n,l) test   7  7  1.00000000 22.50000000 22.50000000  0.00000000

********************************************************************************
 Radial function and derivative for n,l =  1 10
     0.00000000     0.00000000     0.00000031     0.00001095     0.00014221
     0.00000000     0.00000004     0.00000538     0.00012963     0.00125139
 Radial function and derivative for n,l =  2 10
     0.00000000     0.00000000     0.00000104     0.00003512     0.00043875
     0.00000000     0.00000012     0.00001763     0.00041051     0.00377544
 Radial function and derivative for n,l =  3 10
     0.00000000     0.00000001     0.00000252     0.00008298     0.00099715
     0.00000000     0.00000030     0.00004260     0.00095785     0.00838289
 Radial function and derivative for n,l =  4 10
     0.00000000     0.00000002     0.00000519     0.00016634     0.00192139
     0.00000000     0.00000064     0.00008732     0.00189536     0.01576535
 Radial function and derivative for n,l =  5 10
     0.00000000     0.00000004     0.00000961     0.00029918     0.00332012
     0.00000000     0.00000120     0.00016061     0.00336420     0.02656020
 Radial function and derivative for n,l =  6 10
     0.00000000     0.00000007     0.00001645     0.00049750     0.00530081
     0.00000000     0.00000208     0.00027315     0.00551874     0.04129562
 Radial function and derivative for n,l =  7 10
     0.00000000     0.00000012     0.00002651     0.00077894     0.00796393
     0.00000000     0.00000341     0.00043748     0.00852148     0.06034227
 RNL(n,l) test   1  1  1.00000000 11.50000000 11.50000000  0.00000000
 RNL(n,l) test   2  1 -0.00000000 -3.39116499  3.39116499  0.00000000
 RNL(n,l) test   3  1 -0.00000000 -0.00000000 -0.00000000  0.00000000
 RNL(n,l) test   4  1  0.00000000  0.00000000 -0.00000000  0.00000000
 RNL(n,l) test   5  1  0.00000000  0.00000000  0.00000000  0.00000000
 RNL(n,l) test   6  1 -0.00000000 -0.00000000 -0.00000000  0.00000000
 RNL(n,l) test   7  1 -0.00000000 -0.00000000 -0.00000000  0.00000000
 RNL(n,l) test   2  2  1.00000000 13.50000000 13.50000000  0.00000000
 RNL(n,l) test   3  2  0.00000000 -5.00000000  5.00000000  0.00000000
 RNL(n,l) test   4  2 -0.00000000 -0.00000000 -0.00000000  0.00000000
 RNL(n,l) test   5  2 -0.00000000  0.00000000 -0.00000000  0.00000000
 RNL(n,l) test   6  2  0.00000000 -0.00000000  0.00000000  0.00000000
 RNL(n,l) test   7  2  0.00000000  0.00000000  0.00000000  0.00000000
 RNL(n,l) test   3  3  1.00000000 15.50000000 15.50000000  0.00000000
 RNL(n,l) test   4  3  0.00000000 -6.36396103  6.36396103  0.00000000
 RNL(n,l) test   5  3 -0.00000000 -0.00000000 -0.00000000  0.00000000
 RNL(n,l) test   6  3  0.00000000  0.00000000 -0.00000000  0.00000000
 RNL(n,l) test   7  3 -0.00000000 -0.00000000  0.00000000  0.00000000
 RNL(n,l) test   4  4  1.00000000 17.50000000 17.50000000  0.00000000
 RNL(n,l) test   5  4  0.00000000 -7.61577311  7.61577311  0.00000000
 RNL(n,l) test   6  4 -0.00000000 -0.00000000 -0.00000000  0.00000000
 RNL(n,l) test   7  4  0.00000000  0.00000000  0.00000000  0.00000000
 RNL(n,l) test   5  5  1.00000000 19.50000000 19.50000000  0.00000000
 RNL(n,l) test   6  5  0.00000000 -8.80340843  8.80340843  0.00000000
 RNL(n,l) test   7  5 -0.00000000 -0.00000000 -0.00000000  0.00000000
 RNL(n,l) test   6  6  1.00000000 21.50000000 21.50000000  0.00000000
 RNL(n,l) test   7  6  0.00000000 -9.94987437  9.94987437  0.00000000
 RNL(n,l) test   7  7  1.00000000 23.50000000 23.50000000  0.00000000

********************************************************************************
 Radial function and derivative for n,l =  1 11
     0.00000000     0.00000000     0.00000005     0.00000256     0.00004271
     0.00000000     0.00000000     0.00000099     0.00003350     0.00041779
 Radial function and derivative for n,l =  2 11
     0.00000000     0.00000000     0.00000018     0.00000859     0.00013848
     0.00000000     0.00000001     0.00000339     0.00011136     0.00132990
 Radial function and derivative for n,l =  3 11
     0.00000000     0.00000000     0.00000046     0.00002119     0.00032972
     0.00000000     0.00000004     0.00000855     0.00027189     0.00310706
 Radial function and derivative for n,l =  4 11
     0.00000000     0.00000000     0.00000098     0.00004423     0.00066390
     0.00000000     0.00000008     0.00001822     0.00056152     0.00613472
 Radial function and derivative for n,l =  5 11
     0.00000000     0.00000000     0.00000188     0.00008265     0.00119619
     0.00000000     0.00000015     0.00003477     0.00103793     0.01083101
 Radial function and derivative for n,l =  6 11
     0.00000000     0.00000001     0.00000332     0.00014249     0.00198762
     0.00000000     0.00000028     0.00006121     0.00176973     0.01762182
 Radial function and derivative for n,l =  7 11
     0.00000000     0.00000001     0.00000553     0.00023089     0.00310284
     0.00000000     0.00000047     0.00010132     0.00283558     0.02691375
 RNL(n,l) test   1  1  1.00000000 12.50000000 12.50000000  0.00000000
 RNL(n,l) test   2  1 -0.00000000 -3.53553391  3.53553391  0.00000000
 RNL(n,l) test   3  1 -0.00000000 -0.00000000 -0.00000000  0.00000000
 RNL(n,l) test   4  1  0.00000000  0.00000000 -0.00000000  0.00000000
 RNL(n,l) test   5  1  0.00000000  0.00000000  0.00000000  0.00000000
 RNL(n,l) test   6  1  0.00000000  0.00000000  0.00000000  0.00000000
 RNL(n,l) test   7  1 -0.00000000 -0.00000000 -0.00000000  0.00000000
 RNL(n,l) test   2  2  1.00000000 14.50000000 14.50000000  0.00000000
 RNL(n,l) test   3  2  0.00000000 -5.19615242  5.19615242  0.00000000
 RNL(n,l) test   4  2 -0.00000000 -0.00000000 -0.00000000  0.00000000
 RNL(n,l) test   5  2 -0.00000000  0.00000000 -0.00000000  0.00000000
 RNL(n,l) test   6  2 -0.00000000 -0.00000000 -0.00000000  0.00000000
 RNL(n,l) test   7  2  0.00000000  0.00000000  0.00000000  0.00000000
 RNL(n,l) test   3  3  1.00000000 16.50000000 16.50000000  0.00000000
 RNL(n,l) test   4  3  0.00000000 -6.59545298  6.59545298  0.00000000
 RNL(n,l) test   5  3 -0.00000000 -0.00000000 -0.00000000  0.00000000
 RNL(n,l) test   6  3  0.00000000  0.00000000 -0.00000000  0.00000000
 RNL(n,l) test   7  3 -0.00000000 -0.00000000 -0.00000000  0.00000000
 RNL(n,l) test   4  4  1.00000000 18.50000000 18.50000000  0.00000000
 RNL(n,l) test   5  4  0.00000000 -7.87400787  7.87400787  0.00000000
 RNL(n,l) test   6  4 -0.00000000 -0.00000000 -0.00000000  0.00000000
 RNL(n,l) test   7  4  0.00000000  0.00000000  0.00000000  0.00000000
 RNL(n,l) test   5  5  1.00000000 20.50000000 20.50000000  0.00000000
 RNL(n,l) test   6  5  0.00000000 -9.08295106  9.08295106  0.00000000
 RNL(n,l) test   7  5 -0.00000000 -0.00000000 -0.00000000  0.00000000
 RNL(n,l) test   6  6  1.00000000 22.50000000 22.50000000  0.00000000
 RNL(n,l) test   7  6  0.00000000-10.24695077 10.24695077  0.00000000
 RNL(n,l) test   7  7  1.00000000 24.50000000 24.50000000  0.00000000

********************************************************************************
 Radial function and derivative for n,l =  1 12
     0.00000000     0.00000000     0.00000001     0.00000057     0.00001230
     0.00000000     0.00000000     0.00000017     0.00000823     0.00013244
 Radial function and derivative for n,l =  2 12
     0.00000000     0.00000000     0.00000003     0.00000201     0.00004174
     0.00000000     0.00000000     0.00000062     0.00002858     0.00044239
 Radial function and derivative for n,l =  3 12
     0.00000000     0.00000000     0.00000008     0.00000515     0.00010369
     0.00000000     0.00000000     0.00000162     0.00007272     0.00108196
 Radial function and derivative for n,l =  4 12
     0.00000000     0.00000000     0.00000018     0.00001116     0.00021737
     0.00000000     0.00000001     0.00000358     0.00015617     0.00223171
 Radial function and derivative for n,l =  5 12
     0.00000000     0.00000000     0.00000035     0.00002161     0.00040696
     0.00000000     0.00000002     0.00000706     0.00029959     0.00410910
 Radial function and derivative for n,l =  6 12
     0.00000000     0.00000000     0.00000064     0.00003852     0.00070146
     0.00000000     0.00000003     0.00001285     0.00052921     0.00696198
 Radial function and derivative for n,l =  7 12
     0.00000000     0.00000000     0.00000109     0.00006445     0.00113424
     0.00000000     0.00000006     0.00002192     0.00087713     0.01105942
 RNL(n,l) test   1  1  1.00000000 13.50000000 13.50000000  0.00000000
 RNL(n,l) test   2  1 -0.00000000 -3.67423461  3.67423461  0.00000000
 RNL(n,l) test   3  1 -0.00000000 -0.00000000 -0.00000000  0.00000000
 RNL(n,l) test   4  1  0.00000000  0.00000000 -0.00000000  0.00000000
 RNL(n,l) test   5  1  0.00000000  0.00000000  0.00000000  0.00000000
 RNL(n,l) test   6  1  0.00000000  0.00000000  0.00000000  0.00000000
 RNL(n,l) test   7  1 -0.00000000 -0.00000000 -0.00000000  0.00000000
 RNL(n,l) test   2  2  1.00000000 15.50000000 15.50000000  0.00000000
 RNL(n,l) test   3  2  0.00000000 -5.38516481  5.38516481  0.00000000
 RNL(n,l) test   4  2 -0.00000000 -0.00000000 -0.00000000  0.00000000
 RNL(n,l) test   5  2  0.00000000  0.00000000 -0.00000000  0.00000000
 RNL(n,l) test   6  2 -0.00000000 -0.00000000 -0.00000000  0.00000000
 RNL(n,l) test   7  2  0.00000000  0.00000000  0.00000000  0.00000000
 RNL(n,l) test   3  3  1.00000000 17.50000000 17.50000000  0.00000000
 RNL(n,l) test   4  3  0.00000000 -6.81909085  6.81909085  0.00000000
 RNL(n,l) test   5  3 -0.00000000 -0.00000000 -0.00000000  0.00000000
 RNL(n,l) test   6  3  0.00000000  0.00000000 -0.00000000  0.00000000
 RNL(n,l) test   7  3 -0.00000000 -0.00000000 -0.00000000  0.00000000
 RNL(n,l) test   4  4  1.00000000 19.50000000 19.50000000  0.00000000
 RNL(n,l) test   5  4  0.00000000 -8.12403840  8.12403840  0.00000000
 RNL(n,l) test   6  4 -0.00000000 -0.00000000 -0.00000000  0.00000000
 RNL(n,l) test   7  4  0.00000000  0.00000000  0.00000000  0.00000000
 RNL(n,l) test   5  5  1.00000000 21.50000000 21.50000000  0.00000000
 RNL(n,l) test   6  5  0.00000000 -9.35414347  9.35414347  0.00000000
 RNL(n,l) test   7  5 -0.00000000 -0.00000000 -0.00000000  0.00000000
 RNL(n,l) test   6  6  1.00000000 23.50000000 23.50000000  0.00000000
 RNL(n,l) test   7  6  0.00000000-10.53565375 10.53565375  0.00000000
 RNL(n,l) test   7  7  1.00000000 25.50000000 25.50000000  0.00000000

********************************************************************************
 Radial function and derivative for n,l =  1 13
     0.00000000     0.00000000     0.00000000     0.00000012     0.00000341
     0.00000000     0.00000000     0.00000003     0.00000193     0.00004006
 Radial function and derivative for n,l =  2 13
     0.00000000     0.00000000     0.00000000     0.00000045     0.00001206
     0.00000000     0.00000000     0.00000011     0.00000698     0.00013981
 Radial function and derivative for n,l =  3 13
     0.00000000     0.00000000     0.00000001     0.00000120     0.00003116
     0.00000000     0.00000000     0.00000029     0.00001844     0.00035647
 Radial function and derivative for n,l =  4 13
     0.00000000     0.00000000     0.00000003     0.00000269     0.00006779
     0.00000000     0.00000000     0.00000067     0.00004106     0.00076510
 Radial function and derivative for n,l =  5 13
     0.00000000     0.00000000     0.00000006     0.00000538     0.00013149
     0.00000000     0.00000000     0.00000136     0.00008151     0.00146352
 Radial function and derivative for n,l =  6 13
     0.00000000     0.00000000     0.00000012     0.00000989     0.00023447
     0.00000000     0.00000000     0.00000254     0.00014876     0.00257254
 Radial function and derivative for n,l =  7 13
     0.00000000     0.00000000     0.00000020     0.00001704     0.00039167
     0.00000000     0.00000001     0.00000446     0.00025441     0.00423470
 RNL(n,l) test   1  1  1.00000000 14.50000000 14.50000000  0.00000000
 RNL(n,l) test   2  1  0.00000000 -3.80788655  3.80788655  0.00000000
 RNL(n,l) test   3  1 -0.00000000 -0.00000000 -0.00000000  0.00000000
 RNL(n,l) test   4  1 -0.00000000  0.00000000 -0.00000000  0.00000000
 RNL(n,l) test   5  1  0.00000000  0.00000000  0.00000000  0.00000000
 RNL(n,l) test   6  1  0.00000000  0.00000000  0.00000000  0.00000000
 RNL(n,l) test   7  1  0.00000000  0.00000000  0.00000000  0.00000000
 RNL(n,l) test   2  2  1.00000000 16.50000000 16.50000000  0.00000000
 RNL(n,l) test   3  2  0.00000000 -5.56776436  5.56776436  0.00000000
 RNL(n,l) test   4  2 -0.00000000 -0.00000000 -0.00000000  0.00000000
 RNL(n,l) test   5  2  0.00000000  0.00000000 -0.00000000  0.00000000
 RNL(n,l) test   6  2 -0.00000000 -0.00000000 -0.00000000  0.00000000
 RNL(n,l) test   7  2  0.00000000  0.00000000  0.00000000  0.00000000
 RNL(n,l) test   3  3  1.00000000 18.50000000 18.50000000  0.00000000
 RNL(n,l) test   4  3  0.00000000 -7.03562364  7.03562364  0.00000000
 RNL(n,l) test   5  3 -0.00000000 -0.00000000 -0.00000000  0.00000000
 RNL(n,l) test   6  3  0.00000000  0.00000000 -0.00000000  0.00000000
 RNL(n,l) test   7  3 -0.00000000 -0.00000000 -0.00000000  0.00000000
 RNL(n,l) test   4  4  1.00000000 20.50000000 20.50000000  0.00000000
 RNL(n,l) test   5  4  0.00000000 -8.36660027  8.36660027  0.00000000
 RNL(n,l) test   6  4 -0.00000000 -0.00000000 -0.00000000  0.00000000
 RNL(n,l) test   7  4  0.00000000  0.00000000  0.00000000  0.00000000
 RNL(n,l) test   5  5  1.00000000 22.50000000 22.50000000  0.00000000
 RNL(n,l) test   6  5  0.00000000 -9.61769203  9.61769203  0.00000000
 RNL(n,l) test   7  5 -0.00000000 -0.00000000 -0.00000000  0.00000000
 RNL(n,l) test   6  6  1.00000000 24.50000000 24.50000000  0.00000000
 RNL(n,l) test   7  6  0.00000000-10.81665383 10.81665383  0.00000000
 RNL(n,l) test   7  7  1.00000000 26.50000000 26.50000000  0.00000000

********************************************************************************
  ****** END GAUPOL *************************
  ****** BEGIN SINGF ********************************
  ****** END SINGF **********************************
  ****** BEGIN SINGD ********************************
  ****** END SINGD **********************************
  ****** BEGIN GREECOU ******************************
  ****** END GREECOU ********************************
  ****** BEGIN GREEMES ******************************
  ****** END GREEMES ********************************
