
  ******************************************  
  *           Fortran 77 Code              *  
  *         Spherical H.O. basis            *  
  * Dirac-Hartree-Bogoliubov calculation   *  
  *        with density-dependent          *  
  * meson-exchange or point coupling force *  
  *          and separable pairing         *  
  * -------------------------------------- *  
  *      Niksic, Paar, Vretenar, Ring      *  
  *           1/12/2024/11:56:53           *
  *       Ge  76  N =  44  Z =  32
  ******************************************  
  ****** BEGIN READER *******************************
 Number of oscillator shells :    12   20
 Initialization inin,inink   :     1    1
 Nucleus: Ge  76    44  32
 Initial Gap Parameters      :     1.0000    1.0000
 Parameter set               :    DD-ME2    
  ****** END READER *********************************
  ****** BEGIN FORCES *******************************

 NEDF Parameters: DD-ME2    
 AMU   =  939.000
 msig  =  550.124  gsig =    10.5396  Gsig =   -14.2924
 mome  =  783.000  gome =    13.0189  Gome =    10.7647
 mdel  =    0.000  gdel =     0.0000  Gdel =    -0.0000
 mrho  =  763.000  grho =     3.6836  Grho =     0.9076
  
 Density dependence parameters:
           scasca    scavec    vecsca    vecvec
 a    =   1.388148  1.389291  0.000000  0.564700
 b    =   1.094300  0.923975  0.000000  0.000000
 c    =   1.705700  1.462000  0.000000  0.000000
 d    =   0.442067  0.477492  0.000000  0.000000
 dsat =   0.152000
  
 TMR pairing: Tian,Ma,Ring, PRB 676, 44 (2009)
 TMR pairing strength    gl =:  -728.00000 [MeV*fm^3]
 TMR pairing width        a =:     0.64420 [fm]
  ****** END FORCES *********************************
  ****** BEGIN PREP *********************************
  
 hom =                            9.679346
 hb0 =                           20.734000
 b0  =                            2.069825
 with Coulomb force
 With microscopic c.m. correction
  ****** END PREP ***********************************
  ****** BEGIN ITER *********************************
  1.It. si =    0.0000000  E/A =    0.0000 R =    0.0000  mix = 0.50
  2.It. si =   60.8131594  E/A =   -8.3953 R =    4.1685  mix = 0.50
  3.It. si =   31.7120388  E/A =   -8.4747 R =    4.1398  mix = 0.50
  4.It. si =   22.5793019  E/A =   -8.5189 R =    4.1072  mix = 0.50
  5.It. si =   20.4971910  E/A =   -8.5358 R =    4.0835  mix = 0.50
  6.It. si =    5.0838722  E/A =   -8.5440 R =    4.0328  mix = 0.50
  7.It. si =    1.6526453  E/A =   -8.5457 R =    4.0485  mix = 0.50
  8.It. si =    0.7564153  E/A =   -8.5461 R =    4.0495  mix = 0.50
  9.It. si =    0.0781989  E/A =   -8.5467 R =    4.0516  mix = 0.50
 10.It. si =    0.0542331  E/A =   -8.5469 R =    4.0517  mix = 0.50
 11.It. si =    0.0094112  E/A =   -8.5474 R =    4.0519  mix = 0.50
 12.It. si =    0.0078005  E/A =   -8.5474 R =    4.0520  mix = 0.50
 13.It. si =    0.0029547  E/A =   -8.5474 R =    4.0520  mix = 0.50
 14.It. si =    0.0002164  E/A =   -8.5474 R =    4.0520  mix = 0.50
 15.It. si =    0.0001122  E/A =   -8.5474 R =    4.0520  mix = 0.50
 16.It. si =    0.0000295  E/A =   -8.5474 R =    4.0520  mix = 0.50
 17.It. si =    0.0000062  E/A =   -8.5474 R =    4.0520  mix = 0.50
 18.It. si =    0.0000011  E/A =   -8.5474 R =    4.0520  mix = 0.50
 ********************************************************************
 Ge  76: Iteration converged after  18 steps   si =      0.0000000651
 ********************************************************************
  ****** END ITER ***********************************
  ****** BEGIN CANON ********************************
 single-particle energies and gaps  in the canonical basis: Neutron:
 ------------------------------------------------------------------
    j pi     (nr,l,j)  smax       Ecan       vvcan       decan
 -------------------------------------------
 j = 1/2+  (   s 1/2)  0.98    -56.2339      0.9999      1.1826
 j = 1/2+  (   s 1/2)  0.98    -29.2676      0.9982      1.8609
 j = 1/2+  (   s 1/2)  0.97     -0.1445      0.0026      0.7590
 j = 1/2+  (   s 1/2)  0.95     19.9497      0.0001      0.4077
 j = 1/2+  (   s 1/2)  0.78     23.8398      0.0000      0.0339
 j = 1/2+  (   s 1/2)  0.96     37.6851      0.0000      0.2215
 j = 1/2+  (   s 1/2)  0.74     79.8809      0.0000      0.1123
 -------------------------------------------
 j = 1/2-  (   p 1/2)  0.99    -44.9416      0.9996      1.5034
 j = 1/2-  (   p 1/2)  0.98    -11.2781      0.9681      1.3963
 j = 1/2-  (   p 1/2)  0.96     11.1022      0.0002      0.5498
 j = 1/2-  (   p 1/2)  0.96     29.3536      0.0000      0.3416
 j = 1/2-  (   p 1/2)  0.95     43.2778      0.0000      0.0567
 j = 1/2-  (   p 1/2)  0.95     50.7758      0.0000      0.1652
 -------------------------------------------
 j = 3/2+  (   d 3/2)  0.99    -29.6487      0.9986      1.6344
 j = 3/2+  (   d 3/2)  0.98      0.6546      0.0032      0.9374
 j = 3/2+  (   d 3/2)  0.96     21.7925      0.0001      0.4570
 j = 3/2+  (   d 3/2)  0.79     22.7567      0.0000      0.0311
 j = 3/2+  (   d 3/2)  0.96     40.7947      0.0000      0.2448
 j = 3/2+  (   d 3/2)  0.78     78.0074      0.0000      0.1260
 -------------------------------------------
 j = 3/2-  (   p 3/2)  0.99    -46.5088      0.9996      1.5203
 j = 3/2-  (   p 3/2)  0.98    -13.0680      0.9843      1.4134
 j = 3/2-  (   p 3/2)  0.96     10.3843      0.0002      0.5471
 j = 3/2-  (   p 3/2)  0.96     28.7310      0.0000      0.3279
 j = 3/2-  (   p 3/2)  0.94     42.4064      0.0000      0.0552
 j = 3/2-  (   p 3/2)  0.94     50.1126      0.0000      0.1623
 -------------------------------------------
 j = 5/2+  (   d 5/2)  0.99    -33.8090      0.9990      1.7014
 j = 5/2+  (   d 5/2)  0.98     -1.4145      0.0054      0.9084
 j = 5/2+  (   d 5/2)  0.96     20.2036      0.0001      0.4389
 j = 5/2+  (   d 5/2)  0.79     22.8845      0.0000      0.0320
 j = 5/2+  (   d 5/2)  0.96     39.3015      0.0000      0.2441
 j = 5/2+  (   d 5/2)  0.78     76.9012      0.0000      0.1261
 -------------------------------------------
 j = 5/2-  (   f 5/2)  0.98    -13.7360      0.9849      1.5546
 j = 5/2-  (   f 5/2)  0.97     12.0750      0.0003      0.6526
 j = 5/2-  (   f 5/2)  0.96     32.2665      0.0000      0.3598
 j = 5/2-  (   f 5/2)  0.90     35.8788      0.0000      0.0460
 j = 5/2-  (   f 5/2)  0.89     53.9368      0.0000      0.1757
 -------------------------------------------
 j = 7/2+  (   g 7/2)  0.98      0.8578      0.0063      1.3509
 j = 7/2+  (   g 7/2)  0.80     22.4357      0.0000      0.0269
 j = 7/2+  (   g 7/2)  0.96     23.1322      0.0001      0.5030
 j = 7/2+  (   g 7/2)  0.93     43.5983      0.0000      0.2607
 j = 7/2+  (   g 7/2)  0.81     73.8051      0.0000      0.1198
 -------------------------------------------
 j = 7/2-  (   f 7/2)  0.99    -20.3127      0.9961      1.6012
 j = 7/2-  (   f 7/2)  0.97      9.3036      0.0004      0.6601
 j = 7/2-  (   f 7/2)  0.96     30.4651      0.0000      0.3309
 j = 7/2-  (   f 7/2)  0.90     35.5074      0.0000      0.0457
 j = 7/2-  (   f 7/2)  0.89     52.4805      0.0000      0.1727
 -------------------------------------------
 j = 9/2+  (   g 9/2)  0.99     -7.3142      0.4117      1.3707
 j = 9/2+  (   g 9/2)  0.96     19.2815      0.0001      0.5037
 j = 9/2+  (   g 9/2)  0.80     22.6635      0.0000      0.0283
 j = 9/2+  (   g 9/2)  0.93     39.9757      0.0000      0.2631
 j = 9/2+  (   g 9/2)  0.81     72.3110      0.0000      0.1200
 -------------------------------------------
 j = 9/2-  (   h 9/2)  0.97     14.3503      0.0006      1.0995
 j = 9/2-  (   h 9/2)  0.86     33.5257      0.0000      0.0394
 j = 9/2-  (   h 9/2)  0.93     34.9611      0.0000      0.3976
 j = 9/2-  (   h 9/2)  0.83     54.8539      0.0000      0.1853
 -------------------------------------------
 j =11/2+  (   i11/2)  0.95     27.2589      0.0002      0.8579
 j =11/2+  (   i11/2)  0.78     31.9537      0.0000      0.0221
 j =11/2+  (   i11/2)  0.85     48.8113      0.0000      0.3215
 j =11/2+  (   i11/2)  0.68     60.0134      0.0000      0.1277
 -------------------------------------------
 j =11/2-  (   h11/2)  0.98      5.2325      0.0019      1.1229
 j =11/2-  (   h11/2)  0.93     30.1704      0.0000      0.3962
 j =11/2-  (   h11/2)  0.87     33.0628      0.0000      0.0401
 j =11/2-  (   h11/2)  0.83     50.5815      0.0000      0.1848
 -------------------------------------------
 j =13/2+  (   i13/2)  0.95     17.7045      0.0003      0.8798
 j =13/2+  (   i13/2)  0.78     31.3884      0.0000      0.0222
 j =13/2+  (   i13/2)  0.84     42.5310      0.0000      0.3197
 j =13/2+  (   i13/2)  0.67     55.9755      0.0000      0.1257
 -------------------------------------------
 j =13/2-  (   j13/2)  0.81     33.8023      0.0000      0.0402
 j =13/2-  (   j13/2)  0.91     40.1528      0.0000      0.6516
 j =13/2-  (   j13/2)  0.73     56.3736      0.0000      0.2331
 -------------------------------------------
 j =15/2+  (   k15/2)  0.75     35.0460      0.0000      0.0240
 j =15/2+  (   k15/2)  0.85     53.0243      0.0000      0.4884
 j =15/2+  (   k15/2)  0.62     61.5790      0.0000      0.1573
 -------------------------------------------
 j =15/2-  (   j15/2)  0.90     30.2531      0.0001      0.6709
 j =15/2-  (   j15/2)  0.80     32.5288      0.0000      0.0398
 j =15/2-  (   j15/2)  0.71     49.5488      0.0000      0.2280
 -------------------------------------------
 j =17/2+  (   k17/2)  0.74     34.2183      0.0000      0.0239
 j =17/2+  (   k17/2)  0.85     42.8520      0.0000      0.5016
 j =17/2+  (   k17/2)  0.62     55.6387      0.0000      0.1537
 -------------------------------------------
 j =17/2-  (   l17/2)  0.82     41.2828      0.0000      0.0519
 j =17/2-  (   l17/2)  0.82     59.3929      0.0000      0.3257
 -------------------------------------------
 j =19/2+  (   m19/2)  0.79     44.4008      0.0000      0.0316
 j =19/2+  (   m19/2)  0.78     67.3417      0.0000      0.2182
 -------------------------------------------
 j =19/2-  (   l19/2)  0.82     39.7790      0.0000      0.0513
 j =19/2-  (   l19/2)  0.81     51.2920      0.0000      0.3305
 -------------------------------------------
 j =21/2+  (   m21/2)  0.78     43.3787      0.0000      0.0314
 j =21/2+  (   m21/2)  0.78     60.5950      0.0000      0.2206
 -------------------------------------------
 j =21/2-  (   n21/2)  0.98     56.6586      0.0000      0.0860
 -------------------------------------------
 j =23/2+  (   o23/2)  0.98     61.8464      0.0000      0.0528
 -------------------------------------------
 j =23/2-  (   n23/2)  0.98     54.4121      0.0000      0.0862
 -------------------------------------------
 j =25/2+  (   o25/2)  0.98     60.2493      0.0000      0.0529
 single-particle energies and gaps  in the canonical basis: Proton: 
 ------------------------------------------------------------------
    j pi     (nr,l,j)  smax       Ecan       vvcan       decan
 -------------------------------------------
 j = 1/2+  (   s 1/2)  0.99    -53.5511      0.9993      2.3791
 j = 1/2+  (   s 1/2)  0.98    -22.6556      0.9946      1.8940
 j = 1/2+  (   s 1/2)  0.96      6.0931      0.0006      0.8056
 j = 1/2+  (   s 1/2)  0.79     21.0004      0.0000      0.0127
 j = 1/2+  (   s 1/2)  0.93     31.2233      0.0000      0.4176
 j = 1/2+  (   s 1/2)  0.83     55.5189      0.0000      0.1913
 j = 1/2+  (   s 1/2)  0.85     71.0207      0.0000      0.0719
 -------------------------------------------
 j = 1/2-  (   p 1/2)  0.99    -40.1934      0.9988      2.1521
 j = 1/2-  (   p 1/2)  0.98     -7.3021      0.0720      1.5249
 j = 1/2-  (   p 1/2)  0.95     19.5719      0.0002      0.7253
 j = 1/2-  (   p 1/2)  0.77     29.0543      0.0000      0.0221
 j = 1/2-  (   p 1/2)  0.88     44.7585      0.0000      0.3595
 j = 1/2-  (   p 1/2)  0.69     59.9718      0.0000      0.1549
 -------------------------------------------
 j = 3/2+  (   d 3/2)  0.99    -25.0780      0.9961      1.9067
 j = 3/2+  (   d 3/2)  0.97      6.1830      0.0011      1.0736
 j = 3/2+  (   d 3/2)  0.78     20.9255      0.0000      0.0129
 j = 3/2+  (   d 3/2)  0.89     34.5197      0.0000      0.5667
 j = 3/2+  (   d 3/2)  0.85     62.4843      0.0000      0.0819
 j = 3/2+  (   d 3/2)  0.68     62.7828      0.0000      0.2851
 -------------------------------------------
 j = 3/2-  (   p 3/2)  0.99    -42.1053      0.9989      2.1811
 j = 3/2-  (   p 3/2)  0.98     -8.8465      0.2269      1.5022
 j = 3/2-  (   p 3/2)  0.95     18.3528      0.0002      0.7342
 j = 3/2-  (   p 3/2)  0.78     29.3392      0.0000      0.0229
 j = 3/2-  (   p 3/2)  0.88     43.5372      0.0000      0.3562
 j = 3/2-  (   p 3/2)  0.70     59.2452      0.0000      0.1558
 -------------------------------------------
 j = 5/2+  (   d 5/2)  0.99    -29.3970      0.9975      1.9500
 j = 5/2+  (   d 5/2)  0.97      3.9512      0.0014      1.0495
 j = 5/2+  (   d 5/2)  0.78     20.9002      0.0000      0.0132
 j = 5/2+  (   d 5/2)  0.89     33.2491      0.0000      0.5704
 j = 5/2+  (   d 5/2)  0.69     60.8732      0.0000      0.2823
 j = 5/2+  (   d 5/2)  0.85     61.8042      0.0000      0.0822
 -------------------------------------------
 j = 5/2-  (   f 5/2)  0.98     -9.7881      0.4884      1.6530
 j = 5/2-  (   f 5/2)  0.95     19.1826      0.0002      0.7109
 j = 5/2-  (   f 5/2)  0.71     27.1290      0.0000      0.0189
 j = 5/2-  (   f 5/2)  0.82     48.4064      0.0000      0.4231
 j = 5/2-  (   f 5/2)  0.66     58.0082      0.0000      0.1616
 -------------------------------------------
 j = 7/2+  (   g 7/2)  0.98      4.7357      0.0022      1.3811
 j = 7/2+  (   g 7/2)  0.78     23.1076      0.0000      0.0121
 j = 7/2+  (   g 7/2)  0.91     32.1362      0.0000      0.5181
 j = 7/2+  (   g 7/2)  0.85     62.7459      0.0000      0.0822
 j = 7/2+  (   g 7/2)  0.70     63.9792      0.0000      0.2832
 -------------------------------------------
 j = 7/2-  (   f 7/2)  0.99    -16.4941      0.9846      1.6938
 j = 7/2-  (   f 7/2)  0.95     16.1779      0.0002      0.7113
 j = 7/2-  (   f 7/2)  0.70     26.3867      0.0000      0.0182
 j = 7/2-  (   f 7/2)  0.81     47.7835      0.0000      0.4126
 j = 7/2-  (   f 7/2)  0.66     55.8278      0.0000      0.1554
 -------------------------------------------
 j = 9/2+  (   g 9/2)  0.98     -3.8446      0.0132      1.4041
 j = 9/2+  (   g 9/2)  0.78     23.2455      0.0000      0.0127
 j = 9/2+  (   g 9/2)  0.92     27.7539      0.0000      0.5188
 j = 9/2+  (   g 9/2)  0.72     60.4222      0.0000      0.2818
 j = 9/2+  (   g 9/2)  0.85     62.1086      0.0000      0.0843
 -------------------------------------------
 j = 9/2-  (   h 9/2)  0.96     18.6633      0.0004      1.0998
 j = 9/2-  (   h 9/2)  0.70     29.6565      0.0000      0.0170
 j = 9/2-  (   h 9/2)  0.84     46.5128      0.0000      0.3927
 j = 9/2-  (   h 9/2)  0.67     60.9185      0.0000      0.1486
 -------------------------------------------
 j =11/2+  (   i11/2)  0.77     27.3246      0.0000      0.0118
 j =11/2+  (   i11/2)  0.92     32.4407      0.0001      0.8456
 j =11/2+  (   i11/2)  0.71     61.4329      0.0000      0.3038
 j =11/2+  (   i11/2)  0.86     65.3542      0.0000      0.0823
 -------------------------------------------
 j =11/2-  (   h11/2)  0.96      8.9063      0.0009      1.1212
 j =11/2-  (   h11/2)  0.71     29.5537      0.0000      0.0175
 j =11/2-  (   h11/2)  0.83     40.9531      0.0000      0.3937
 j =11/2-  (   h11/2)  0.66     57.5052      0.0000      0.1479
 -------------------------------------------
 j =13/2+  (   i13/2)  0.92     21.9081      0.0002      0.8644
 j =13/2+  (   i13/2)  0.78     27.1910      0.0000      0.0124
 j =13/2+  (   i13/2)  0.70     54.2057      0.0000      0.3032
 j =13/2+  (   i13/2)  0.86     62.3197      0.0000      0.0816
 -------------------------------------------
 j =13/2-  (   j13/2)  0.71     35.0643      0.0000      0.0192
 j =13/2-  (   j13/2)  0.86     46.7212      0.0000      0.6365
 j =13/2-  (   j13/2)  0.66     61.1838      0.0000      0.1845
 -------------------------------------------
 j =15/2+  (   k15/2)  0.79     34.9095      0.0000      0.0143
 j =15/2+  (   k15/2)  0.79     60.3324      0.0000      0.4675
 j =15/2+  (   k15/2)  0.84     67.4622      0.0000      0.1093
 -------------------------------------------
 j =15/2-  (   j15/2)  0.70     34.4657      0.0000      0.0192
 j =15/2-  (   j15/2)  0.86     35.3284      0.0001      0.6524
 j =15/2-  (   j15/2)  0.67     55.3867      0.0000      0.1816
 -------------------------------------------
 j =17/2+  (   k17/2)  0.80     34.6820      0.0000      0.0150
 j =17/2+  (   k17/2)  0.79     48.5137      0.0000      0.4779
 j =17/2+  (   k17/2)  0.85     62.5360      0.0000      0.1079
 -------------------------------------------
 j =17/2-  (   l17/2)  0.77     44.9286      0.0000      0.0285
 j =17/2-  (   l17/2)  0.76     64.4086      0.0000      0.2861
 -------------------------------------------
 j =19/2+  (   m19/2)  0.73     48.3320      0.0000      0.0162
 j =19/2+  (   m19/2)  0.72     72.4405      0.0000      0.1820
 -------------------------------------------
 j =19/2-  (   l19/2)  0.77     43.9344      0.0000      0.0283
 j =19/2-  (   l19/2)  0.76     55.8514      0.0000      0.2899
 -------------------------------------------
 j =21/2+  (   m21/2)  0.72     47.6718      0.0000      0.0161
 j =21/2+  (   m21/2)  0.72     65.3918      0.0000      0.1839
 -------------------------------------------
 j =21/2-  (   n21/2)  0.98     61.7506      0.0000      0.0585
 -------------------------------------------
 j =23/2+  (   o23/2)  0.98     67.0857      0.0000      0.0332
 -------------------------------------------
 j =23/2-  (   n23/2)  0.98     59.5327      0.0000      0.0586
 -------------------------------------------
 j =25/2+  (   o25/2)  0.98     65.5068      0.0000      0.0333
  ****** END CANON **********************************
  ****** BEGIN RESU *********************************
   ****** BEGIN EXPECT *******

                            neutron        proton         total
 particle number            44.000000      32.000000      76.000000
 trace scalar density       42.093169      30.750657      72.843826
 lambda                     -7.560091      -9.826333
 spk                         5.839784       5.488895
 rms-Radius                  4.114163       3.964883       4.051979
 charge-Radius                              4.044787
 Particle Energ          -1113.572785    -844.024492   -1957.597278
 Selfconsistency Test.                                    -0.000000

 Kinetic Energy            593.868909     388.894020     982.762929
 E-scsc                                               -11244.451580
 E-scve                                                 9433.871114
 E-vesc                                                    0.000000
 E-veve                                                   18.938160
 E-rearrang.                                             294.136346
 Coulomb direct                                          174.394030
 Pairing Energy             -7.173259      -7.943463     -15.116722
 Sum without E-cm                                       -649.602069
DE-cm <P**2>/2M            -11.050627      -7.211961     -18.262587
NE-cm <P**2>/2M              7.090959       4.212230      11.303189
 E-cm <P**2>/2M             -3.959667      -2.999731      -6.959399
 Total Energy                                           -656.561467
 E/A                                                      -8.638967

  ****** END EXPECT *********************************


 quasi-particle properties Neutron:
 ------------------------------------------------------------------
     p/h    l j     [nr,l,j]  smax       Eqp       uu       vv
   1  p   1s 1/2   ( 3s  1/2) 0.90     6.250     0.997     0.003
   2  p   2s 1/2   ( 5s  1/2) 0.57    16.418     0.989     0.011
   3  h   3s 1/2   ( 2s  1/2) 0.97    19.088     0.013     0.987
   4  p   4s 1/2   ( 4s  1/2) 0.71    32.431     0.999     0.001
   5  h   5s 1/2   ( 1s  1/2) 0.98    51.409     0.002     0.998
   6  p   6s 1/2   ( 5s  1/2) 0.71    53.882     0.998     0.002
   7  p   7s 1/2   ( 7s  1/2) 0.67    90.345     1.000     0.000
   8  h   1p 1/2   ( 2p  1/2) 0.96     3.692     0.032     0.968
   9  p   2p 1/2   ( 3p  1/2) 0.73    12.945     0.999     0.001
  10  p   3p 1/2   ( 3p  1/2) 0.62    25.870     1.000     0.000
  11  h   4p 1/2   ( 1p  1/2) 0.99    37.687     0.001     0.999
  12  p   5p 1/2   ( 4p  1/2) 0.70    46.035     1.000     0.000
  13  p   6p 1/2   ( 6p  1/2) 0.71    80.325     1.000     0.000
  14  p   1d 3/2   ( 2d  3/2) 0.92     7.145     0.997     0.003
  15  p   2d 3/2   ( 4d  3/2) 0.57    17.296     0.996     0.004
  16  h   3d 3/2   ( 1d  3/2) 0.98    22.166     0.006     0.994
  17  p   4d 3/2   ( 3d  3/2) 0.72    32.969     0.999     0.001
  18  p   5d 3/2   ( 4d  3/2) 0.71    54.319     1.000     0.000
  19  p   6d 3/2   ( 6d  3/2) 0.68    90.469     1.000     0.000
  20  h   1p 3/2   ( 2p  3/2) 0.97     5.148     0.016     0.984
  21  p   2p 3/2   ( 3p  3/2) 0.75    12.555     0.999     0.001
  22  p   3p 3/2   ( 3p  3/2) 0.60    25.249     1.000     0.000
  23  h   4p 3/2   ( 1p  3/2) 0.99    39.510     0.001     0.999
  24  p   5p 3/2   ( 4p  3/2) 0.69    45.108     1.000     0.000
  25  p   6p 3/2   ( 6p  3/2) 0.71    79.379     1.000     0.000
  26  p   1d 5/2   ( 2d  5/2) 0.94     5.605     0.995     0.005
  27  p   2d 5/2   ( 4d  5/2) 0.58    16.665     0.999     0.001
  28  h   3d 5/2   ( 1d  5/2) 0.99    26.304     0.004     0.996
  29  p   4d 5/2   ( 3d  5/2) 0.70    32.056     0.998     0.002
  30  p   5d 5/2   ( 4d  5/2) 0.71    52.803     1.000     0.000
  31  p   6d 5/2   ( 6d  5/2) 0.68    88.943     1.000     0.000
  32  h   1f 5/2   ( 1f  5/2) 0.98     6.364     0.015     0.985
  33  p   2f 5/2   ( 2f  5/2) 0.80    14.262     1.000     0.000
  34  p   3f 5/2   ( 4f  5/2) 0.58    25.856     1.000     0.000
  35  p   4f 5/2   ( 3f  5/2) 0.70    45.847     1.000     0.000
  36  p   5f 5/2   ( 5f  5/2) 0.72    79.144     1.000     0.000
  37  p   1g 7/2   ( 1g  7/2) 0.97     8.085     0.994     0.006
  38  p   2g 7/2   ( 2g  7/2) 0.64    19.194     1.000     0.000
  39  p   3g 7/2   ( 2g  7/2) 0.71    32.877     1.000     0.000
  40  p   4g 7/2   ( 3g  7/2) 0.72    53.608     1.000     0.000
  41  p   5g 7/2   ( 5g  7/2) 0.69    88.317     1.000     0.000
  42  h   1f 7/2   ( 1f  7/2) 0.96    12.836     0.061     0.939
  43  p   2f 7/2   ( 2f  7/2) 0.83    13.023     0.943     0.057
  44  p   3f 7/2   ( 4f  7/2) 0.60    24.511     1.000     0.000
  45  p   4f 7/2   ( 3f  7/2) 0.68    43.795     1.000     0.000
  46  p   5f 7/2   ( 5f  7/2) 0.72    77.109     1.000     0.000
  47  p   1g 9/2   ( 1g  9/2) 0.76     1.387     0.588     0.412
  48  p   2g 9/2   ( 2g  9/2) 0.72    17.900     1.000     0.000
  49  p   3g 9/2   ( 2g  9/2) 0.65    30.731     1.000     0.000
  50  p   4g 9/2   ( 3g  9/2) 0.71    50.565     1.000     0.000
  51  p   5g 9/2   ( 5g  9/2) 0.70    85.608     1.000     0.000
  52  p   1h 9/2   ( 1h  9/2) 0.86    18.276     1.000     0.000
  53  p   2h 9/2   ( 3h  9/2) 0.57    27.500     1.000     0.000
  54  p   3h 9/2   ( 2h  9/2) 0.69    46.068     1.000     0.000
  55  p   4h 9/2   ( 4h  9/2) 0.74    76.571     1.000     0.000
  56  p   1i11/2   ( 1i 11/2) 0.66    24.192     1.000     0.000
  57  p   2i11/2   ( 1i 11/2) 0.70    34.749     1.000     0.000
  58  p   3i11/2   ( 2i 11/2) 0.72    54.301     1.000     0.000
  59  p   4i11/2   ( 4i 11/2) 0.71    86.094     1.000     0.000
  60  p   1h11/2   ( 1h 11/2) 0.98    12.042     0.998     0.002
  61  p   2h11/2   ( 2h 11/2) 0.75    24.603     1.000     0.000
  62  p   3h11/2   ( 2h 11/2) 0.62    41.487     1.000     0.000
  63  p   4h11/2   ( 4h 11/2) 0.77    71.652     1.000     0.000
  64  p   1i13/2   ( 1i 13/2) 0.89    21.409     1.000     0.000
  65  p   2i13/2   ( 2i 13/2) 0.63    29.888     1.000     0.000
  66  p   3i13/2   ( 2i 13/2) 0.68    48.410     1.000     0.000
  67  p   4i13/2   ( 4i 13/2) 0.75    78.745     1.000     0.000
  68  p   1j13/2   ( 1j 13/2) 0.71    31.089     1.000     0.000
  69  p   2j13/2   ( 1j 13/2) 0.67    46.619     1.000     0.000
  70  p   3j13/2   ( 3j 13/2) 0.76    75.693     1.000     0.000
  71  p   1k15/2   ( 1k 15/2) 0.65    35.348     1.000     0.000
  72  p   2k15/2   ( 1k 15/2) 0.72    53.390     1.000     0.000
  73  p   3k15/2   ( 3k 15/2) 0.73    84.128     1.000     0.000
  74  p   1j15/2   ( 1j 15/2) 0.84    29.462     1.000     0.000
  75  p   2j15/2   ( 2j 15/2) 0.71    40.537     1.000     0.000
  76  p   3j15/2   ( 3j 15/2) 0.83    65.352     1.000     0.000
  77  p   1k17/2   ( 1k 17/2) 0.73    34.641     1.000     0.000
  78  p   2k17/2   ( 1k 17/2) 0.67    48.433     1.000     0.000
  79  p   3k17/2   ( 3k 17/2) 0.80    72.736     1.000     0.000
  80  p   1l17/2   ( 1l 17/2) 0.82    44.694     1.000     0.000
  81  p   2l17/2   ( 2l 17/2) 0.81    71.475     1.000     0.000
  82  p   1m19/2   ( 1m 19/2) 0.81    49.220     1.000     0.000
  83  p   2m19/2   ( 2m 19/2) 0.80    78.068     1.000     0.000
  84  p   1l19/2   ( 1l 19/2) 0.85    43.873     1.000     0.000
  85  p   2l19/2   ( 2l 19/2) 0.85    62.569     1.000     0.000
  86  p   1m21/2   ( 1m 21/2) 0.82    48.757     1.000     0.000
  87  p   2m21/2   ( 2m 21/2) 0.81    70.659     1.000     0.000
  88  p   1n21/2   ( 1n 21/2) 0.98    64.219     1.000     0.000
  89  p   1o23/2   ( 1o 23/2) 0.98    69.407     1.000     0.000
  90  p   1n23/2   ( 1n 23/2) 0.98    61.972     1.000     0.000
  91  p   1o25/2   ( 1o 25/2) 0.98    67.809     1.000     0.000


 quasi-particle properties Proton: 
 ------------------------------------------------------------------
     p/h    l j     [nr,l,j]  smax       Eqp       uu       vv
   1  h   1s 1/2   ( 2s  1/2) 0.96    12.789     0.010     0.990
   2  p   2s 1/2   ( 3s  1/2) 0.90    13.300     0.995     0.005
   3  p   3s 1/2   ( 5s  1/2) 0.59    23.625     1.000     0.000
   4  p   4s 1/2   ( 4s  1/2) 0.71    39.665     0.999     0.001
   5  h   5s 1/2   ( 1s  1/2) 0.98    43.961     0.001     0.999
   6  p   6s 1/2   ( 5s  1/2) 0.71    60.832     1.000     0.000
   7  p   7s 1/2   ( 7s  1/2) 0.67    97.915     1.000     0.000
   8  p   1p 1/2   ( 2p  1/2) 0.94     2.874     0.928     0.072
   9  p   2p 1/2   ( 3p  1/2) 0.74    20.401     1.000     0.000
  10  h   3p 1/2   ( 1p  1/2) 0.99    30.445     0.001     0.999
  11  p   4p 1/2   ( 3p  1/2) 0.61    32.868     1.000     0.000
  12  p   5p 1/2   ( 4p  1/2) 0.70    52.849     1.000     0.000
  13  p   6p 1/2   ( 6p  1/2) 0.70    87.613     1.000     0.000
  14  p   1d 3/2   ( 2d  3/2) 0.94    13.707     0.991     0.009
  15  h   2d 3/2   ( 1d  3/2) 0.98    15.378     0.012     0.988
  16  p   3d 3/2   ( 4d  3/2) 0.58    24.435     0.999     0.001
  17  p   4d 3/2   ( 3d  3/2) 0.72    39.985     1.000     0.000
  18  p   5d 3/2   ( 4d  3/2) 0.71    61.035     1.000     0.000
  19  p   6d 3/2   ( 6d  3/2) 0.68    97.431     1.000     0.000
  20  p   1p 3/2   ( 2p  3/2) 0.86     1.767     0.773     0.227
  21  p   2p 3/2   ( 3p  3/2) 0.76    19.997     1.000     0.000
  22  p   3p 3/2   ( 5p  3/2) 0.59    32.226     0.988     0.012
  23  h   4p 3/2   ( 1p  3/2) 0.98    32.355     0.013     0.987
  24  p   5p 3/2   ( 4p  3/2) 0.69    51.929     1.000     0.000
  25  p   6p 3/2   ( 6p  3/2) 0.71    86.611     1.000     0.000
  26  p   1d 5/2   ( 2d  5/2) 0.95    12.133     0.998     0.002
  27  h   2d 5/2   ( 1d  5/2) 0.99    19.663     0.004     0.996
  28  p   3d 5/2   ( 3d  5/2) 0.59    23.897     0.998     0.002
  29  p   4d 5/2   ( 3d  5/2) 0.71    39.102     1.000     0.000
  30  p   5d 5/2   ( 4d  5/2) 0.71    59.548     1.000     0.000
  31  p   6d 5/2   ( 6d  5/2) 0.68    95.872     1.000     0.000
  32  p   1f 5/2   ( 1f  5/2) 0.70     1.649     0.512     0.488
  33  p   2f 5/2   ( 2f  5/2) 0.82    21.690     1.000     0.000
  34  p   3f 5/2   ( 4f  5/2) 0.59    32.786     1.000     0.000
  35  p   4f 5/2   ( 3f  5/2) 0.69    52.637     1.000     0.000
  36  p   5f 5/2   ( 5f  5/2) 0.72    86.001     1.000     0.000
  37  p   1g 7/2   ( 1g  7/2) 0.97    13.856     0.998     0.002
  38  p   2g 7/2   ( 2g  7/2) 0.64    26.619     1.000     0.000
  39  p   3g 7/2   ( 2g  7/2) 0.71    40.058     1.000     0.000
  40  p   4g 7/2   ( 3g  7/2) 0.72    60.401     1.000     0.000
  41  p   5g 7/2   ( 5g  7/2) 0.69    95.299     1.000     0.000
  42  h   1f 7/2   ( 1f  7/2) 0.98     6.878     0.015     0.985
  43  p   2f 7/2   ( 2f  7/2) 0.87    20.308     1.000     0.000
  44  p   3f 7/2   ( 4f  7/2) 0.61    31.520     1.000     0.000
  45  p   4f 7/2   ( 3f  7/2) 0.68    50.699     1.000     0.000
  46  p   5f 7/2   ( 5f  7/2) 0.72    84.023     1.000     0.000
  47  p   1g 9/2   ( 1g  9/2) 0.98     6.037     0.987     0.013
  48  p   2g 9/2   ( 2g  9/2) 0.73    25.368     1.000     0.000
  49  p   3g 9/2   ( 2g  9/2) 0.65    37.833     1.000     0.000
  50  p   4g 9/2   ( 3g  9/2) 0.71    57.427     1.000     0.000
  51  p   5g 9/2   ( 5g  9/2) 0.70    92.709     1.000     0.000
  52  p   1h 9/2   ( 1h  9/2) 0.91    24.622     1.000     0.000
  53  p   2h 9/2   ( 2h  9/2) 0.60    34.315     1.000     0.000
  54  p   3h 9/2   ( 2h  9/2) 0.69    52.876     1.000     0.000
  55  p   4h 9/2   ( 4h  9/2) 0.74    83.740     1.000     0.000
  56  p   1i11/2   ( 1i 11/2) 0.71    31.381     1.000     0.000
  57  p   2i11/2   ( 1i 11/2) 0.66    41.007     1.000     0.000
  58  p   3i11/2   ( 2i 11/2) 0.72    60.668     1.000     0.000
  59  p   4i11/2   ( 4i 11/2) 0.71    93.218     1.000     0.000
  60  p   1h11/2   ( 1h 11/2) 0.98    17.641     0.999     0.001
  61  p   2h11/2   ( 2h 11/2) 0.76    31.996     1.000     0.000
  62  p   3h11/2   ( 2h 11/2) 0.62    48.367     1.000     0.000
  63  p   4h11/2   ( 4h 11/2) 0.77    78.826     1.000     0.000
  64  p   1i13/2   ( 1i 13/2) 0.93    27.729     1.000     0.000
  65  p   2i13/2   ( 2i 13/2) 0.67    36.605     1.000     0.000
  66  p   3i13/2   ( 2i 13/2) 0.67    55.166     1.000     0.000
  67  p   4i13/2   ( 4i 13/2) 0.76    85.776     1.000     0.000
  68  p   1j13/2   ( 1j 13/2) 0.73    38.609     1.000     0.000
  69  p   2j13/2   ( 1j 13/2) 0.65    52.550     1.000     0.000
  70  p   3j13/2   ( 3j 13/2) 0.77    81.995     1.000     0.000
  71  p   1k15/2   ( 1k 15/2) 0.66    42.928     1.000     0.000
  72  p   2k15/2   ( 1k 15/2) 0.72    59.771     1.000     0.000
  73  p   3k15/2   ( 3k 15/2) 0.75    89.889     1.000     0.000
  74  p   1j15/2   ( 1j 15/2) 0.88    36.569     1.000     0.000
  75  p   2j15/2   ( 2j 15/2) 0.76    46.615     1.000     0.000
  76  p   3j15/2   ( 3j 15/2) 0.83    71.849     1.000     0.000
  77  p   1k17/2   ( 1k 17/2) 0.74    42.118     1.000     0.000
  78  p   2k17/2   ( 1k 17/2) 0.65    54.582     1.000     0.000
  79  p   3k17/2   ( 3k 17/2) 0.82    78.800     1.000     0.000
  80  p   1l17/2   ( 1l 17/2) 0.83    52.349     1.000     0.000
  81  p   2l17/2   ( 2l 17/2) 0.82    77.075     1.000     0.000
  82  p   1m19/2   ( 1m 19/2) 0.81    56.886     1.000     0.000
  83  p   2m19/2   ( 2m 19/2) 0.80    84.025     1.000     0.000
  84  p   1l19/2   ( 1l 19/2) 0.86    51.501     1.000     0.000
  85  p   2l19/2   ( 2l 19/2) 0.86    68.243     1.000     0.000
  86  p   1m21/2   ( 1m 21/2) 0.82    56.422     1.000     0.000
  87  p   2m21/2   ( 2m 21/2) 0.81    76.676     1.000     0.000
  88  p   1n21/2   ( 1n 21/2) 0.98    71.577     1.000     0.000
  89  p   1o23/2   ( 1o 23/2) 0.98    76.912     1.000     0.000
  90  p   1n23/2   ( 1n 23/2) 0.98    69.359     1.000     0.000
  91  p   1o25/2   ( 1o 25/2) 0.98    75.333     1.000     0.000
  ****** END RESU ***********************************
  ****** BEGIN PLOT ********************************
  ****** END PLOT **********************************
  ****** BEGIN INOUT ********************************
  potentials written to tape dirhb.wel
  ****** END INOUT **********************************
  ****** BEGIN DINOUT ****************************
  ****** END DINOUT ****************************
